BIENVENUE
1
15 15
I'm blind :'(
MESSAGE RECEIVED ---------
You have to wait for the game to start.
--------------------------
MESSAGE RECEIVED ---------
You have to wait for the game to start.
--------------------------
MESSAGE RECEIVED ---------
You have to wait for the game to start.
--------------------------
MESSAGE RECEIVED ---------
You have to wait for the game to start.
--------------------------
MESSAGE RECEIVED ---------
You have to wait for the game to start.
--------------------------
MESSAGE RECEIVED ---------
You have to wait for the game to start.
--------------------------
MESSAGE RECEIVED ---------
You have to wait for the game to start.
--------------------------
MESSAGE RECEIVED ---------
You have to wait for the game to start.
--------------------------
MESSAGE RECEIVED ---------
You have to wait for the game to start.
--------------------------
MESSAGE RECEIVED ---------
You have to wait for the game to start.
--------------------------
MESSAGE RECEIVED ---------
You have to wait for the game to start.
--------------------------
MESSAGE RECEIVED ---------
You have to wait for the game to start.
--------------------------
MESSAGE RECEIVED ---------
You have to wait for the game to start.
--------------------------
MESSAGE RECEIVED ---------
You have to wait for the game to start.
--------------------------
MESSAGE RECEIVED ---------
You have to wait for the game to start.
--------------------------
MESSAGE RECEIVED ---------
You have to wait for the game to start.
--------------------------
MESSAGE RECEIVED ---------
You have to wait for the game to start.
--------------------------
MESSAGE RECEIVED ---------
You have to wait for the game to start.
--------------------------
MESSAGE RECEIVED ---------
You have to wait for the game to start.
--------------------------
MESSAGE RECEIVED ---------
You have to wait for the game to start.
--------------------------
MESSAGE RECEIVED ---------
You have to wait for the game to start.
--------------------------
MESSAGE RECEIVED ---------
You have to wait for the game to start.
--------------------------
MESSAGE RECEIVED ---------
You have to wait for the game to start.
--------------------------
MESSAGE RECEIVED ---------
You have to wait for the game to start.
--------------------------
MESSAGE RECEIVED ---------
You have to wait for the game to start.
--------------------------
MESSAGE RECEIVED ---------
You have to wait for the game to start.
--------------------------
MESSAGE RECEIVED ---------
You have to wait for the game to start.
--------------------------
MESSAGE RECEIVED ---------
You have to wait for the game to start.
--------------------------
MESSAGE RECEIVED ---------
You have to wait for the game to start.
--------------------------
MESSAGE RECEIVED ---------
You have to wait for the game to start.
--------------------------
MESSAGE RECEIVED ---------
You have to wait for the game to start.
--------------------------
MESSAGE RECEIVED ---------
You have to wait for the game to start.
--------------------------
MESSAGE RECEIVED ---------
You have to wait for the game to start.
--------------------------
================================== [ bernard 1 ] [ lvl 1 - food 9 ]
leader: None - tt: 1 - fmin: 5 - fmax: 10
{'linemate': 1, 'deraumere': 3, 'sibur': 2, 'mendiane': 1, 'phiras': 1, 'thystame': 1, 'player': 1}
I want to Eleve myself \o/ !
incantation is not possible yet !
Collecting...
found 1 linemate at 0
going for linemate at 0
looting 1 linemate
==================================
==================================
================================== [ bernard 1 ] [ lvl 1 - food 9 ]
leader: None - tt: 1 - fmin: 5 - fmax: 10
{'linemate': 0, 'deraumere': 3, 'sibur': 2, 'mendiane': 1, 'phiras': 1, 'thystame': 1, 'player': 1, 'visited': False}
I want to Eleve myself \o/ !
incantation is possible !
preparing the ritual...
placing 1 linemate
I'm Elevating \o/ !
==================================
==================================
elevation en cours
---------------------------------- LVL [ 2 ]
I need to check my stuff !
================================== [ bernard 1 ] [ lvl 2 - food 7 ]
leader: None - tt: 1 - fmin: 5 - fmax: 10
{'nourriture': 1, 'deraumere': 3, 'sibur': 2, 'mendiane': 1, 'phiras': 1, 'thystame': 1, 'player': 1}
My team is not full I need to reproduce !
==================================
==================================
================================== [ bernard 1 ] [ lvl 2 - food 7 ]
leader: None - tt: 2 - fmin: 5 - fmax: 10
{'nourriture': 1, 'deraumere': 3, 'sibur': 2, 'mendiane': 1, 'phiras': 1, 'thystame': 1, 'player': 1}
==================================
==================================
MESSAGE RECEIVED ---------
--------------------------
================================== [ bernard 1 ] [ lvl 2 - food 7 ]
leader: None - tt: 2 - fmin: 8 - fmax: 8
{'nourriture': 1, 'deraumere': 3, 'sibur': 2, 'mendiane': 1, 'phiras': 1, 'thystame': 1, 'player': 1}
I'm hungry >< !
1 nourriture ! going to pos: 0
==================================
==================================
MESSAGE RECEIVED ---------
--------------------------
================================== [ bernard 1 ] [ lvl 2 - food 8 ]
leader: None - tt: 2 - fmin: 8 - fmax: 8
{'nourriture': 0, 'deraumere': 3, 'sibur': 2, 'mendiane': 1, 'phiras': 1, 'thystame': 1, 'player': 1, 'visited': False}
==================================
==================================
================================== [ bernard 1 ] [ lvl 2 - food 8 ]
leader: None - tt: 2 - fmin: 9 - fmax: 9
{'nourriture': 0, 'deraumere': 3, 'sibur': 2, 'mendiane': 1, 'phiras': 1, 'thystame': 1, 'player': 1, 'visited': False}
I'm hungry >< !
5 nourriture ! going to pos: 1
==================================
==================================
MESSAGE RECEIVED ---------
--------------------------
MESSAGE RECEIVED ---------
--------------------------
MESSAGE RECEIVED ---------
--------------------------
MESSAGE RECEIVED ---------
--------------------------
MESSAGE RECEIVED ---------
--------------------------
MESSAGE RECEIVED ---------
--------------------------
I need to check my stuff !
================================== [ bernard 1 ] [ lvl 2 - food 11 ]
leader: None - tt: 2 - fmin: 9 - fmax: 9
{'linemate': 1, 'deraumere': 1, 'sibur': 1, 'player': 1}
==================================
==================================
================================== [ bernard 1 ] [ lvl 2 - food 11 ]
leader: None - tt: 2 - fmin: 12 - fmax: 12
{'linemate': 1, 'deraumere': 1, 'sibur': 1, 'player': 1}
I'm hungry >< !
2 nourriture ! going to pos: 1
==================================
==================================
================================== [ bernard 1 ] [ lvl 2 - food 13 ]
leader: None - tt: 2 - fmin: 12 - fmax: 12
{'nourriture': 0, 'linemate': 2, 'deraumere': 1, 'sibur': 3, 'phiras': 2, 'thystame': 1, 'visited': False}
==================================
==================================
================================== [ bernard 1 ] [ lvl 2 - food 13 ]
leader: None - tt: 2 - fmin: 14 - fmax: 14
{'nourriture': 0, 'linemate': 2, 'deraumere': 1, 'sibur': 3, 'phiras': 2, 'thystame': 1, 'visited': False}
I'm hungry >< !
1 nourriture ! going to pos: 2
==================================
==================================
C.PREND nourriture : KO
================================== [ bernard 1 ] [ lvl 2 - food 13 ]
leader: None - tt: 2 - fmin: 14 - fmax: 14
{'nourriture': 0, 'linemate': 4, 'deraumere': 3, 'mendiane': 1, 'phiras': 1, 'thystame': 1, 'visited': False}
I'm hungry >< !
6 nourriture ! going to pos: 4
==================================
==================================
I need to check my stuff !
================================== [ bernard 1 ] [ lvl 2 - food 16 ]
leader: None - tt: 2 - fmin: 14 - fmax: 14
{'nourriture': 4, 'linemate': 1, 'sibur': 3, 'mendiane': 2, 'thystame': 1, 'player': 1}
==================================
==================================
================================== [ bernard 1 ] [ lvl 2 - food 16 ]
leader: None - tt: 2 - fmin: 17 - fmax: 17
{'nourriture': 4, 'linemate': 1, 'sibur': 3, 'mendiane': 2, 'thystame': 1, 'player': 1}
I'm hungry >< !
4 nourriture ! going to pos: 0
==================================
==================================
================================== [ bernard 1 ] [ lvl 2 - food 20 ]
leader: None - tt: 2 - fmin: 17 - fmax: 17
{'nourriture': 0, 'linemate': 1, 'sibur': 3, 'mendiane': 2, 'thystame': 1, 'player': 1, 'visited': False}
My team is not full I need to reproduce !
==================================
==================================
================================== [ bernard 1 ] [ lvl 2 - food 20 ]
leader: None - tt: 3 - fmin: 17 - fmax: 17
{'nourriture': 0, 'linemate': 1, 'sibur': 3, 'mendiane': 2, 'thystame': 1, 'player': 1, 'visited': False}
==================================
==================================
I need to check my stuff !
MESSAGE RECEIVED ---------
--------------------------
================================== [ bernard 1 ] [ lvl 2 - food 18 ]
leader: None - tt: 3 - fmin: 21 - fmax: 21
{'linemate': 1, 'sibur': 3, 'mendiane': 2, 'thystame': 1, 'player': 1}
I'm hungry >< !
1 nourriture ! going to pos: 4
==================================
==================================
MESSAGE RECEIVED ---------
--------------------------
MESSAGE RECEIVED ---------
from: 5 - message: team_name d I just hatched an egg !
--------------------------
MESSAGE RECEIVED ---------
--------------------------
MESSAGE RECEIVED ---------
--------------------------
MESSAGE RECEIVED ---------
--------------------------
MESSAGE RECEIVED ---------
--------------------------
MESSAGE RECEIVED ---------
--------------------------
MESSAGE RECEIVED ---------
--------------------------
MESSAGE RECEIVED ---------
--------------------------
================================== [ bernard 1 ] [ lvl 2 - food 19 ]
leader: None - tt: 4 - fmin: 21 - fmax: 21
{'nourriture': 0, 'deraumere': 2, 'sibur': 1, 'thystame': 1, 'visited': False}
I'm hungry >< !
2 nourriture ! going to pos: 5
==================================
==================================
MESSAGE RECEIVED ---------
--------------------------
MESSAGE RECEIVED ---------
--------------------------
MESSAGE RECEIVED ---------
--------------------------
MESSAGE RECEIVED ---------
--------------------------
MESSAGE RECEIVED ---------
--------------------------
MESSAGE RECEIVED ---------
--------------------------
I need to check my stuff !
