BIENVENUE
1
200 150
I'm blind :'(
MESSAGE RECEIVED ---------
You have to wait for the game to start.
--------------------------
MESSAGE RECEIVED ---------
You have to wait for the game to start.
--------------------------
MESSAGE RECEIVED ---------
You have to wait for the game to start.
--------------------------
MESSAGE RECEIVED ---------
You have to wait for the game to start.
--------------------------
MESSAGE RECEIVED ---------
You have to wait for the game to start.
--------------------------
MESSAGE RECEIVED ---------
You have to wait for the game to start.
--------------------------
MESSAGE RECEIVED ---------
You have to wait for the game to start.
--------------------------
MESSAGE RECEIVED ---------
You have to wait for the game to start.
--------------------------
MESSAGE RECEIVED ---------
You have to wait for the game to start.
--------------------------
MESSAGE RECEIVED ---------
You have to wait for the game to start.
--------------------------
MESSAGE RECEIVED ---------
You have to wait for the game to start.
--------------------------
MESSAGE RECEIVED ---------
You have to wait for the game to start.
--------------------------
MESSAGE RECEIVED ---------
You have to wait for the game to start.
--------------------------
MESSAGE RECEIVED ---------
You have to wait for the game to start.
--------------------------
MESSAGE RECEIVED ---------
You have to wait for the game to start.
--------------------------
MESSAGE RECEIVED ---------
You have to wait for the game to start.
--------------------------
MESSAGE RECEIVED ---------
You have to wait for the game to start.
--------------------------
MESSAGE RECEIVED ---------
You have to wait for the game to start.
--------------------------
MESSAGE RECEIVED ---------
You have to wait for the game to start.
--------------------------
MESSAGE RECEIVED ---------
You have to wait for the game to start.
--------------------------
MESSAGE RECEIVED ---------
You have to wait for the game to start.
--------------------------
MESSAGE RECEIVED ---------
You have to wait for the game to start.
--------------------------
MESSAGE RECEIVED ---------
You have to wait for the game to start.
--------------------------
MESSAGE RECEIVED ---------
You have to wait for the game to start.
--------------------------
MESSAGE RECEIVED ---------
You have to wait for the game to start.
--------------------------
MESSAGE RECEIVED ---------
You have to wait for the game to start.
--------------------------
MESSAGE RECEIVED ---------
You have to wait for the game to start.
--------------------------
MESSAGE RECEIVED ---------
You have to wait for the game to start.
--------------------------
MESSAGE RECEIVED ---------
You have to wait for the game to start.
--------------------------
MESSAGE RECEIVED ---------
You have to wait for the game to start.
--------------------------
MESSAGE RECEIVED ---------
You have to wait for the game to start.
--------------------------
MESSAGE RECEIVED ---------
You have to wait for the game to start.
--------------------------
MESSAGE RECEIVED ---------
You have to wait for the game to start.
--------------------------
MESSAGE RECEIVED ---------
You have to wait for the game to start.
--------------------------
MESSAGE RECEIVED ---------
You have to wait for the game to start.
--------------------------
================================== [ bernard 1 ] [ lvl 1 - food 9 ]
leader: None - tt: 1 - fmin: 5 - fmax: 10
{'nourriture': 2, 'deraumere': 2, 'sibur': 1, 'mendiane': 1, 'phiras': 1, 'thystame': 2, 'player': 1}
I want to Eleve myself \o/ !
incantation is not possible yet !
Collecting...
found 1 linemate at 3
going for linemate at 3
looting 1 linemate
looting 2 nourriture
==================================
==================================
================================== [ bernard 1 ] [ lvl 1 - food 11 ]
leader: None - tt: 1 - fmin: 5 - fmax: 10
{'nourriture': 0, 'linemate': 0, 'mendiane': 1, 'phiras': 2, 'thystame': 2, 'visited': False}
I want to Eleve myself \o/ !
incantation is possible !
preparing the ritual...
placing 1 linemate
I'm Elevating \o/ !
==================================
==================================
elevation en cours
---------------------------------- LVL [ 2 ]
I need to check my stuff !
================================== [ bernard 1 ] [ lvl 2 - food 8 ]
leader: None - tt: 1 - fmin: 5 - fmax: 10
{'mendiane': 1, 'phiras': 2, 'thystame': 2, 'player': 1}
My team is not full I need to reproduce !
==================================
==================================
================================== [ bernard 1 ] [ lvl 2 - food 8 ]
leader: None - tt: 1 - fmin: 5 - fmax: 10
{'mendiane': 1, 'phiras': 2, 'thystame': 2, 'player': 1}
==================================
==================================
MESSAGE RECEIVED ---------
message 7,team_name k I just hatched an egg !
message 7,team_name b I just hatched an egg !
message 7,team_name e I just hatched an egg !
message 7,team_name j I just hatched an egg !
message 3,team_name l I just hatched an egg !
message 5,team_name c I just hatched an egg !
message 5,team_name g I just hatched an egg !
message 3,team_name h I just hatched an egg !
message 3,team_name m I just hatched an egg !
message 7,team_name o I just hatched an egg !
message 7,team_name p I just hatched an egg !
message 3,team_name i I just hatched an egg !
message 3,team_name n I just hatched an egg !
--------------------------
================================== [ bernard 1 ] [ lvl 2 - food 8 ]
leader: None - tt: 1 - fmin: 9 - fmax: 9
{'mendiane': 1, 'phiras': 2, 'thystame': 2, 'player': 1}
I'm hungry >< !
1 nourriture ! going to pos: 1
==================================
==================================
MESSAGE RECEIVED ---------
message 5,team_name a I just hatched an egg !
--------------------------
MESSAGE RECEIVED ---------
message 1,team_name d I just hatched an egg !
--------------------------
I need to check my stuff !
================================== [ bernard 1 ] [ lvl 2 - food 8 ]
leader: None - tt: 2 - fmin: 9 - fmax: 9
{'mendiane': 1, 'phiras': 1, 'thystame': 1, 'player': 1}
I'm hungry >< !
2 nourriture ! going to pos: 1
==================================
==================================
================================== [ bernard 1 ] [ lvl 2 - food 10 ]
leader: None - tt: 2 - fmin: 9 - fmax: 9
{'nourriture': 0, 'linemate': 1, 'deraumere': 1, 'sibur': 1, 'phiras': 3, 'thystame': 2, 'visited': False}
==================================
==================================
================================== [ bernard 1 ] [ lvl 2 - food 10 ]
leader: None - tt: 2 - fmin: 11 - fmax: 11
{'nourriture': 0, 'linemate': 1, 'deraumere': 1, 'sibur': 1, 'phiras': 3, 'thystame': 2, 'visited': False}
I'm hungry >< !
1 nourriture ! going to pos: 2
==================================
==================================
I need to check my stuff !
================================== [ bernard 1 ] [ lvl 2 - food 10 ]
leader: None - tt: 2 - fmin: 11 - fmax: 11
{'deraumere': 2, 'mendiane': 2, 'phiras': 1, 'player': 1}
I'm hungry >< !
2 nourriture ! going to pos: 2
==================================
==================================
================================== [ bernard 1 ] [ lvl 2 - food 12 ]
leader: None - tt: 2 - fmin: 11 - fmax: 11
{'nourriture': 0, 'linemate': 1, 'deraumere': 2, 'mendiane': 2, 'phiras': 1, 'thystame': 1, 'visited': False}
==================================
==================================
================================== [ bernard 1 ] [ lvl 2 - food 12 ]
leader: None - tt: 2 - fmin: 13 - fmax: 13
{'nourriture': 0, 'linemate': 1, 'deraumere': 2, 'mendiane': 2, 'phiras': 1, 'thystame': 1, 'visited': False}
I'm hungry >< !
1 nourriture ! going to pos: 4
==================================
==================================
================================== [ bernard 1 ] [ lvl 2 - food 13 ]
leader: None - tt: 2 - fmin: 13 - fmax: 13
{'nourriture': 0, 'linemate': 2, 'deraumere': 1, 'sibur': 1, 'mendiane': 4, 'phiras': 1, 'thystame': 1, 'visited': False}
==================================
==================================
================================== [ bernard 1 ] [ lvl 2 - food 13 ]
leader: None - tt: 2 - fmin: 14 - fmax: 14
{'nourriture': 0, 'linemate': 2, 'deraumere': 1, 'sibur': 1, 'mendiane': 4, 'phiras': 1, 'thystame': 1, 'visited': False}
I'm hungry >< !
4 nourriture ! going to pos: 5
==================================
==================================
I need to check my stuff !
MESSAGE RECEIVED ---------
message 7,team_name e I just hatched an egg !
--------------------------
================================== [ bernard 1 ] [ lvl 2 - food 16 ]
leader: None - tt: 2 - fmin: 14 - fmax: 14
{'linemate': 1, 'sibur': 1, 'mendiane': 2, 'thystame': 2, 'player': 1}
My team is not full I need to reproduce !
==================================
==================================
================================== [ bernard 1 ] [ lvl 2 - food 16 ]
leader: None - tt: 2 - fmin: 14 - fmax: 14
{'linemate': 1, 'sibur': 1, 'mendiane': 2, 'thystame': 2, 'player': 1}
==================================
==================================
BIENVENUE
1
200 150
I'm blind :'(
MESSAGE RECEIVED ---------
message 0,team_name f I just hatched an egg !
--------------------------
MESSAGE RECEIVED ---------
message 3,team_name a I just hatched an egg !
--------------------------
================================== [ bernard 2 ] [ lvl 1 - food 9 ]
leader: None - tt: 2 - fmin: 5 - fmax: 10
{'mendiane': 1, 'phiras': 2, 'thystame': 2, 'player': 1}
I want to Eleve myself \o/ !
incantation is not possible yet !
Collecting...
nothing found in view range
scooting the area
==================================
==================================
MESSAGE RECEIVED ---------
message 7,team_name d I just hatched an egg !
--------------------------
================================== [ bernard 2 ] [ lvl 1 - food 9 ]
leader: None - tt: 2 - fmin: 5 - fmax: 10
{'nourriture': 6, 'linemate': 1, 'deraumere': 3, 'phiras': 2, 'thystame': 1, 'player': 1}
I want to Eleve myself \o/ !
incantation is not possible yet !
Collecting...
found 1 linemate at 0
going for linemate at 0
looting 1 linemate
looting 5 nourriture
==================================
==================================
I need to check my stuff !
================================== [ bernard 2 ] [ lvl 1 - food 14 ]
leader: None - tt: 2 - fmin: 5 - fmax: 10
{'nourriture': 1, 'deraumere': 3, 'phiras': 2, 'thystame': 1, 'player': 1}
I want to Eleve myself \o/ !
incantation is possible !
preparing the ritual...
placing 1 linemate
I'm Elevating \o/ !
==================================
==================================
elevation en cours
MESSAGE RECEIVED ---------
message 7,team_name e I just hatched an egg !
--------------------------
MESSAGE RECEIVED ---------
message 3,team_name m I just hatched an egg !
--------------------------
MESSAGE RECEIVED ---------
message 7,team_name p I just hatched an egg !
--------------------------
MESSAGE RECEIVED ---------
message 7,team_name b I just hatched an egg !
--------------------------
