BIENVENUE
1
20 15
I'm blind :'(
MESSAGE RECEIVED ---------
You have to wait for the game to start.
--------------------------
MESSAGE RECEIVED ---------
You have to wait for the game to start.
--------------------------
MESSAGE RECEIVED ---------
You have to wait for the game to start.
--------------------------
MESSAGE RECEIVED ---------
You have to wait for the game to start.
--------------------------
MESSAGE RECEIVED ---------
You have to wait for the game to start.
--------------------------
MESSAGE RECEIVED ---------
You have to wait for the game to start.
--------------------------
MESSAGE RECEIVED ---------
You have to wait for the game to start.
--------------------------
MESSAGE RECEIVED ---------
You have to wait for the game to start.
--------------------------
MESSAGE RECEIVED ---------
You have to wait for the game to start.
--------------------------
MESSAGE RECEIVED ---------
You have to wait for the game to start.
--------------------------
MESSAGE RECEIVED ---------
You have to wait for the game to start.
--------------------------
MESSAGE RECEIVED ---------
You have to wait for the game to start.
--------------------------
MESSAGE RECEIVED ---------
You have to wait for the game to start.
--------------------------
MESSAGE RECEIVED ---------
You have to wait for the game to start.
--------------------------
MESSAGE RECEIVED ---------
You have to wait for the game to start.
--------------------------
MESSAGE RECEIVED ---------
You have to wait for the game to start.
--------------------------
MESSAGE RECEIVED ---------
You have to wait for the game to start.
--------------------------
MESSAGE RECEIVED ---------
You have to wait for the game to start.
--------------------------
MESSAGE RECEIVED ---------
You have to wait for the game to start.
--------------------------
MESSAGE RECEIVED ---------
You have to wait for the game to start.
--------------------------
MESSAGE RECEIVED ---------
You have to wait for the game to start.
--------------------------
MESSAGE RECEIVED ---------
You have to wait for the game to start.
--------------------------
MESSAGE RECEIVED ---------
You have to wait for the game to start.
--------------------------
MESSAGE RECEIVED ---------
You have to wait for the game to start.
--------------------------
MESSAGE RECEIVED ---------
You have to wait for the game to start.
--------------------------
================================== [ bernard 1 ] [ lvl 1 - food 9 ]
leader: None - tt: 1 - fmin: 5 - fmax: 10
{'nourriture': 1, 'mendiane': 1, 'thystame': 1, 'player': 1}
I want to Eleve myself \o/ !
incantation is not possible yet !
Collecting...
found 2 linemate at 1
going for linemate at 1
looting 2 linemate
looting 1 nourriture
==================================
==================================
================================== [ bernard 1 ] [ lvl 1 - food 10 ]
leader: None - tt: 1 - fmin: 5 - fmax: 10
{'nourriture': 0, 'linemate': 0, 'sibur': 1, 'thystame': 1, 'visited': False}
I want to Eleve myself \o/ !
incantation is possible !
preparing the ritual...
placing 1 linemate
I'm Elevating \o/ !
==================================
==================================
elevation en cours
---------------------------------- LVL [ 2 ]
I need to check my stuff !
================================== [ bernard 1 ] [ lvl 2 - food 7 ]
leader: None - tt: 1 - fmin: 5 - fmax: 10
{'sibur': 1, 'thystame': 1, 'player': 1}
My team is not full I need to reproduce !
==================================
==================================
================================== [ bernard 1 ] [ lvl 2 - food 7 ]
leader: None - tt: 1 - fmin: 5 - fmax: 10
{'sibur': 1, 'thystame': 1, 'player': 1}
==================================
==================================
MESSAGE RECEIVED ---------
message 5,team_name l I just hatched an egg !
message 5,team_name m I just hatched an egg !
message 5,team_name o I just hatched an egg !
message 1,team_name e I just hatched an egg !
message 7,team_name b I just hatched an egg !
message 4,team_name p I just hatched an egg !
message 2,team_name d I just hatched an egg !
message 3,team_name n I just hatched an egg !
message 3,team_name f I just hatched an egg !
message 3,team_name a I just hatched an egg !
message 5,team_name j I just hatched an egg !
--------------------------
MESSAGE RECEIVED ---------
message 3,team_name c I just hatched an egg !
message 7,team_name k I just hatched an egg !
message 3,team_name g I just hatched an egg !
--------------------------
================================== [ bernard 1 ] [ lvl 2 - food 7 ]
leader: None - tt: 1 - fmin: 8 - fmax: 8
{'sibur': 1, 'thystame': 1, 'player': 1}
I'm hungry >< !
1 nourriture ! going to pos: 1
==================================
==================================
MESSAGE RECEIVED ---------
message 5,team_name i I just hatched an egg !
--------------------------
I need to check my stuff !
================================== [ bernard 1 ] [ lvl 2 - food 7 ]
leader: None - tt: 2 - fmin: 8 - fmax: 8
{'linemate': 2, 'deraumere': 3, 'sibur': 2, 'mendiane': 1, 'player': 2}
I'm hungry >< !
no food nearby. looking around !
==================================
==================================
================================== [ bernard 1 ] [ lvl 2 - food 7 ]
leader: None - tt: 2 - fmin: 8 - fmax: 8
{'linemate': 2, 'deraumere': 3, 'sibur': 1, 'mendiane': 2, 'phiras': 1, 'thystame': 1, 'player': 1}
I'm hungry >< !
1 nourriture ! going to pos: 4
==================================
==================================
I need to check my stuff !
================================== [ bernard 1 ] [ lvl 2 - food 7 ]
leader: None - tt: 2 - fmin: 8 - fmax: 8
{'sibur': 2, 'thystame': 1, 'player': 1}
I'm hungry >< !
3 nourriture ! going to pos: 1
==================================
==================================
C.PREND nourriture : KO
C.PREND nourriture : KO
C.PREND nourriture : KO
Someone is around !
================================== [ bernard 1 ] [ lvl 2 - food 7 ]
leader: None - tt: 2 - fmin: 8 - fmax: 8
{'linemate': 1, 'sibur': 1, 'mendiane': 1, 'thystame': 2, 'player': 1}
I'm hungry >< !
1 nourriture ! going to pos: 1
==================================
==================================
I need to check my stuff !
================================== [ bernard 1 ] [ lvl 2 - food 6 ]
leader: None - tt: 2 - fmin: 8 - fmax: 8
{'linemate': 1, 'deraumere': 1, 'sibur': 3, 'phiras': 2, 'player': 1}
I'm hungry >< !
1 nourriture ! going to pos: 2
==================================
==================================
================================== [ bernard 1 ] [ lvl 2 - food 7 ]
leader: None - tt: 2 - fmin: 8 - fmax: 8
{'nourriture': 0, 'linemate': 2, 'deraumere': 4, 'mendiane': 1, 'visited': False}
I'm hungry >< !
1 nourriture ! going to pos: 3
==================================
==================================
================================== [ bernard 1 ] [ lvl 2 - food 8 ]
leader: None - tt: 2 - fmin: 8 - fmax: 8
{'nourriture': 0, 'deraumere': 3, 'sibur': 2, 'phiras': 1, 'thystame': 2, 'visited': False}
My team is not full I need to reproduce !
==================================
==================================
MESSAGE RECEIVED ---------
message 5,team_name o I just hatched an egg !
--------------------------
================================== [ bernard 1 ] [ lvl 2 - food 8 ]
leader: None - tt: 2 - fmin: 8 - fmax: 8
{'nourriture': 0, 'deraumere': 3, 'sibur': 2, 'phiras': 1, 'thystame': 2, 'visited': False}
==================================
==================================
MESSAGE RECEIVED ---------
message 5,team_name p I just hatched an egg !
message 3,team_name b I just hatched an egg !
message 8,team_name e I just hatched an egg !
message 3,team_name a I just hatched an egg !
message 3,team_name j I just hatched an egg !
message 1,team_name e I just hatched an egg !
message 7,team_name p I just hatched an egg !
message 1,team_name n I just hatched an egg !
message 5,team_name m I just hatched an egg !
message 8,team_name n I just hatched an egg !
message 3,team_name d I just hatched an egg !
message 1,team_name d I just hatched an egg !
message 7,team_name a I just hatched an egg !
message 3,team_name f I just hatched an egg !
message 1,team_name l I just hatched an egg !BIENVENUE
1
20 15
I'm blind :'(
MESSAGE RECEIVED ---------
message 3,team_name g I just hatched an egg !
message 0,team_name h I just hatched an egg !
--------------------------
MESSAGE RECEIVED ---------
message 5,team_name i I just hatched an egg !
--------------------------
================================== [ bernard 2 ] [ lvl 1 - food 9 ]
leader: None - tt: 2 - fmin: 5 - fmax: 10
{'sibur': 1, 'thystame': 1, 'player': 1}
I want to Eleve myself \o/ !
incantation is not possible yet !
Collecting...
found 2 linemate at 1
going for linemate at 1
looting 2 linemate
looting 1 nourriture
==================================
==================================
C.PREND nourriture : KO
================================== [ bernard 2 ] [ lvl 1 - food 9 ]
leader: None - tt: 2 - fmin: 5 - fmax: 10
{'nourriture': 0, 'linemate': 0, 'deraumere': 3, 'sibur': 2, 'mendiane': 1, 'visited': False}
I want to Eleve myself \o/ !
incantation is possible !
preparing the ritual...
placing 1 linemate
I'm Elevating \o/ !
==================================
==================================
elevation en cours
---------------------------------- LVL [ 2 ]
I need to check my stuff !
================================== [ bernard 2 ] [ lvl 2 - food 6 ]
leader: None - tt: 2 - fmin: 5 - fmax: 10
{'nourriture': 1, 'deraumere': 3, 'sibur': 2, 'mendiane': 1, 'player': 1}
My team is not full I need to reproduce !
==================================
==================================
MESSAGE RECEIVED ---------
message 1,team_name o I just hatched an egg !
--------------------------
================================== [ bernard 2 ] [ lvl 2 - food 6 ]
leader: None - tt: 2 - fmin: 5 - fmax: 10
{'nourriture': 1, 'deraumere': 3, 'sibur': 2, 'mendiane': 1, 'player': 1}
==================================
==================================
MESSAGE RECEIVED ---------
message 5,team_name p I just hatched an egg !
message 3,team_name b I just hatched an egg !
message 1,team_name e I just hatched an egg !
message 3,team_name a I just hatched an egg !
message 5,team_name j I just hatched an egg !
message 1,team_name e I just hatched an egg !
message 5,team_name p I just hatched an egg !
message 1,team_name n I just hatched an egg !
message 5,team_name m I just hatched an egg !
message 3,team_name n I just hatched an egg !
message 1,team_name d I just hatched an egg !
message 3,team_name d I just hatched an egg !
message 3,team_name a I just hatched an egg !
message 7,team_name f I just hatched an egg !
message 1,team_name l I just hatched an egg !
message 7,team_name i I just hatched an egg !
message 7,team_name k I just hatched an egg !
message 3,team_name b I just hatched an egg !
message 5,team_name l I just hatched an egg !
message 1,team_name j I just hatched an egg !
message 7,team_name k I just hatched an egg !
message 5,team_name c I just hatched an egg !
message 1,team_name m I just hatched an egg !
--------------------------
MESSAGE RECEIVED ---------
message 3,team_name h I just hatched an egg !
--------------------------
================================== [ bernard 2 ] [ lvl 2 - food 6 ]
leader: None - tt: 2 - fmin: 7 - fmax: 7
{'nourriture': 1, 'deraumere': 3, 'sibur': 2, 'mendiane': 1, 'player': 1}
I'm hungry >< !
1 nourriture ! going to pos: 0
==================================
==================================
MESSAGE RECEIVED ---------
message 3,team_name c I just hatched an egg !
message 3,team_name g I just hatched an egg !
--------------------------
MESSAGE RECEIVED ---------
message 5,team_name i I just hatched an egg !
message 5,team_name f I just hatched an egg !
--------------------------
================================== [ bernard 2 ] [ lvl 2 - food 7 ]
leader: None - tt: 2 - fmin: 7 - fmax: 7
{'nourriture': 0, 'deraumere': 3, 'sibur': 2, 'mendiane': 1, 'player': 1, 'visited': False}
==================================
==================================
================================== [ bernard 2 ] [ lvl 2 - food 7 ]
leader: None - tt: 2 - fmin: 8 - fmax: 8
{'nourriture': 0, 'deraumere': 3, 'sibur': 2, 'mendiane': 1, 'player': 1, 'visited': False}
I'm hungry >< !
5 nourriture ! going to pos: 1
==================================
==================================
I need to check my stuff !
================================== [ bernard 2 ] [ lvl 2 - food 10 ]
leader: None - tt: 3 - fmin: 8 - fmax: 8
{'linemate': 1, 'mendiane': 1, 'phiras': 1, 'thystame': 1, 'player': 1}
==================================
==================================
================================== [ bernard 2 ] [ lvl 2 - food 10 ]
leader: None - tt: 3 - fmin: 11 - fmax: 11
{'linemate': 1, 'mendiane': 1, 'phiras': 1, 'thystame': 1, 'player': 1}
I'm hungry >< !
5 nourriture ! going to pos: 1
==================================
==================================
MESSAGE RECEIVED ---------
message 3,team_name g I just hatched an egg !
--------------------------
C.PREND nourriture : KO
C.PREND nourriture : KO
C.PREND nourriture : KO
Someone is around !
================================== [ bernard 2 ] [ lvl 2 - food 12 ]
leader: None - tt: 3 - fmin: 11 - fmax: 11
{'linemate': 2, 'deraumere': 4, 'sibur': 1, 'phiras': 1, 'player': 2}
==================================
==================================
================================== [ bernard 2 ] [ lvl 2 - food 12 ]
leader: None - tt: 3 - fmin: 13 - fmax: 13
{'linemate': 2, 'deraumere': 4, 'sibur': 1, 'phiras': 1, 'player': 2}
I'm hungry >< !
no food nearby. looking around !
==================================
==================================
I need to check my stuff !
================================== [ bernard 2 ] [ lvl 2 - food 11 ]
leader: None - tt: 3 - fmin: 13 - fmax: 13
{'nourriture': 5, 'linemate': 1, 'sibur': 1, 'mendiane': 1, 'phiras': 1, 'thystame': 3, 'player': 4}
I'm hungry >< !
no food nearby. looking around !
==================================
==================================
================================== [ bernard 2 ] [ lvl 2 - food 11 ]
leader: None - tt: 3 - fmin: 13 - fmax: 13
{'nourriture': 5, 'sibur': 1, 'thystame': 1, 'player': 2}
I'm hungry >< !
no food nearby. looking around !
==================================
==================================
MESSAGE RECEIVED ---------
message 7,team_name b I just hatched an egg !
--------------------------
================================== [ bernard 2 ] [ lvl 2 - food 11 ]
leader: None - tt: 3 - fmin: 13 - fmax: 13
{'nourriture': 5, 'linemate': 2, 'deraumere': 2, 'sibur': 1, 'mendiane': 1, 'thystame': 1, 'player': 2}
I'm hungry >< !
no food nearby. looking around !
==================================
==================================
MESSAGE RECEIVED ---------
message 7,team_name j I just hatched an egg !
message 4,team_name o I just hatched an egg !
message 3,team_name p I just hatched an egg !
--------------------------
MESSAGE RECEIVED ---------
message 3,team_name p I just hatched an egg !
--------------------------
MESSAGE RECEIVED ---------
message 3,team_name d I just hatched an egg !
--------------------------
MESSAGE RECEIVED ---------
message 7,team_name f I just hatched an egg !
--------------------------
MESSAGE RECEIVED ---------
message 5,team_name e I just hatched an egg !
message 3,team_name l I just hatched an egg !
--------------------------
MESSAGE RECEIVED ---------
message 3,team_name e I just hatched an egg !
--------------------------
I need to check my stuff !

message 3,team_name i I just hatched an egg !
message 3,team_name k I just hatched an egg !
message 3,team_name b I just hatched an egg !
message 3,team_name l I just hatched an egg !
message 3,team_name j I just hatched an egg !
message 3,team_name k I just hatched an egg !
message 6,team_name c I just hatched an egg !
message 1,team_name m I just hatched an egg !
--------------------------
MESSAGE RECEIVED ---------
message 7,team_name h I just hatched an egg !
--------------------------
I need to check my stuff !
MESSAGE RECEIVED ---------
message 7,team_name c I just hatched an egg !
message 7,team_name g I just hatched an egg !
--------------------------
MESSAGE RECEIVED ---------
message 7,team_name i I just hatched an egg !
message 5,team_name f I just hatched an egg !
--------------------------
================================== [ bernard 1 ] [ lvl 2 - food 7 ]
leader: None - tt: 3 - fmin: 9 - fmax: 9
{'deraumere': 3, 'sibur': 2, 'phiras': 1, 'thystame': 2, 'player': 1}
I'm hungry >< !
1 nourriture ! going to pos: 4
==================================
==================================
================================== [ bernard 1 ] [ lvl 2 - food 8 ]
leader: None - tt: 3 - fmin: 9 - fmax: 9
{'nourriture': 0, 'sibur': 2, 'mendiane': 2, 'phiras': 1, 'thystame': 1, 'visited': False}
I'm hungry >< !
3 nourriture ! going to pos: 6
==================================
==================================
C.PREND nourriture : KO
C.PREND nourriture : KO
Someone is around !
I need to check my stuff !
MESSAGE RECEIVED ---------
message 1,team_name g I just hatched an egg !
--------------------------
================================== [ bernard 1 ] [ lvl 2 - food 8 ]
leader: None - tt: 3 - fmin: 9 - fmax: 9
{'sibur': 2, 'phiras': 1, 'player': 2}
I'm hungry >< !
no food nearby. looking around !
==================================
==================================
================================== [ bernard 1 ] [ lvl 2 - food 8 ]
leader: None - tt: 3 - fmin: 9 - fmax: 9
{'nourriture': 2, 'sibur': 2, 'thystame': 1, 'player': 1}
I'm hungry >< !
2 nourriture ! going to pos: 0
==================================
==================================
================================== [ bernard 1 ] [ lvl 2 - food 10 ]
leader: None - tt: 3 - fmin: 9 - fmax: 9
{'nourriture': 0, 'sibur': 2, 'thystame': 1, 'player': 1, 'visited': False}
==================================
==================================
================================== [ bernard 1 ] [ lvl 2 - food 10 ]
leader: None - tt: 3 - fmin: 11 - fmax: 11
{'nourriture': 0, 'sibur': 2, 'thystame': 1, 'player': 1, 'visited': False}
I'm hungry >< !
3 nourriture ! going to pos: 1
==================================
==================================
I need to check my stuff !
================================== [ bernard 1 ] [ lvl 2 - food 11 ]
leader: None - tt: 3 - fmin: 11 - fmax: 11
{'nourriture': 1, 'linemate': 1, 'player': 2}
==================================
==================================
================================== [ bernard 1 ] [ lvl 2 - food 11 ]
leader: None - tt: 3 - fmin: 12 - fmax: 12
{'nourriture': 1, 'linemate': 1, 'player': 2}
I'm hungry >< !
no food nearby. looking around !
==================================
==================================
MESSAGE RECEIVED ---------
message 7,team_name b I just hatched an egg !
--------------------------
================================== [ bernard 1 ] [ lvl 2 - food 11 ]
leader: None - tt: 3 - fmin: 12 - fmax: 12
{'nourriture': 1, 'deraumere': 1, 'sibur': 1, 'mendiane': 2, 'phiras': 3, 'thystame': 2, 'player': 2}
I'm hungry >< !
no food nearby. looking around !
==================================
==================================
MESSAGE RECEIVED ---------
message 3,team_name j I just hatched an egg !
message 3,team_name o I just hatched an egg !
message 3,team_name p I just hatched an egg !
--------------------------
MESSAGE RECEIVED ---------
message 5,team_name p I just hatched an egg !
--------------------------
MESSAGE RECEIVED ---------
message 7,team_name d I just hatched an egg !
--------------------------
MESSAGE RECEIVED ---------
message 7,team_name f I just hatched an egg !
--------------------------
MESSAGE RECEIVED ---------
message 3,team_name e I just hatched an egg !
message 5,team_name l I just hatched an egg !
--------------------------
MESSAGE RECEIVED ---------
message 3,team_name e I just hatched an egg !
--------------------------
BIENVENUE
2
20 15
I'm blind :'(
MESSAGE RECEIVED ---------
message 0,team_name h I just hatched an egg !
message 3,team_name h I just hatched an egg !
--------------------------
MESSAGE RECEIVED ---------
message 3,team_name c I just hatched an egg !
message 3,team_name g I just hatched an egg !
--------------------------
MESSAGE RECEIVED ---------
message 3,team_name i I just hatched an egg !
message 1,team_name f I just hatched an egg !
--------------------------
================================== [ bernard 3 ] [ lvl 1 - food 9 ]
leader: None - tt: 3 - fmin: 5 - fmax: 10
{'deraumere': 3, 'sibur': 2, 'phiras': 1, 'thystame': 2, 'player': 1}
I want to Eleve myself \o/ !
incantation is not possible yet !
Collecting...
found 1 linemate at 3
going for linemate at 3
looting 1 linemate
looting 1 nourriture
==================================
==================================
================================== [ bernard 3 ] [ lvl 1 - food 10 ]
leader: None - tt: 3 - fmin: 5 - fmax: 10
{'nourriture': 0, 'linemate': 0, 'deraumere': 1, 'sibur': 3, 'phiras': 2, 'visited': False}
I want to Eleve myself \o/ !
incantation is possible !
preparing the ritual...
placing 1 linemate
I'm Elevating \o/ !
==================================
==================================
elevation en cours
MESSAGE RECEIVED ---------
message 3,team_name g I just hatched an egg !
--------------------------
MESSAGE RECEIVED ---------
message 5,team_name b I just hatched an egg !
--------------------------
---------------------------------- LVL [ 2 ]
I need to check my stuff !
MESSAGE RECEIVED ---------
message 7,team_name j I just hatched an egg !
message 3,team_name o I just hatched an egg !
message 1,team_name p I just hatched an egg !
--------------------------
================================== [ bernard 3 ] [ lvl 2 - food 7 ]
leader: None - tt: 3 - fmin: 5 - fmax: 10
{'nourriture': 1, 'deraumere': 1, 'sibur': 3, 'phiras': 2, 'player': 1}
My team is not full I need to reproduce !
==================================
==================================
================================== [ bernard 3 ] [ lvl 2 - food 7 ]
leader: None - tt: 3 - fmin: 5 - fmax: 10
{'nourriture': 1, 'deraumere': 1, 'sibur': 3, 'phiras': 2, 'player': 1}
==================================
==================================
