BIENVENUE
1
20 15
I'm blind :'(
MESSAGE RECEIVED ---------
You have to wait for the game to start.
--------------------------
MESSAGE RECEIVED ---------
You have to wait for the game to start.
--------------------------
MESSAGE RECEIVED ---------
You have to wait for the game to start.
--------------------------
MESSAGE RECEIVED ---------
You have to wait for the game to start.
--------------------------
MESSAGE RECEIVED ---------
You have to wait for the game to start.
--------------------------
MESSAGE RECEIVED ---------
You have to wait for the game to start.
--------------------------
MESSAGE RECEIVED ---------
You have to wait for the game to start.
--------------------------
MESSAGE RECEIVED ---------
You have to wait for the game to start.
--------------------------
MESSAGE RECEIVED ---------
You have to wait for the game to start.
--------------------------
MESSAGE RECEIVED ---------
You have to wait for the game to start.
--------------------------
MESSAGE RECEIVED ---------
You have to wait for the game to start.
--------------------------
MESSAGE RECEIVED ---------
You have to wait for the game to start.
--------------------------
MESSAGE RECEIVED ---------
You have to wait for the game to start.
--------------------------
MESSAGE RECEIVED ---------
You have to wait for the game to start.
--------------------------
MESSAGE RECEIVED ---------
You have to wait for the game to start.
--------------------------
MESSAGE RECEIVED ---------
You have to wait for the game to start.
--------------------------
MESSAGE RECEIVED ---------
You have to wait for the game to start.
--------------------------
MESSAGE RECEIVED ---------
You have to wait for the game to start.
--------------------------
MESSAGE RECEIVED ---------
You have to wait for the game to start.
--------------------------
================================== [ bernard 1 ] [ lvl 1 - food 9 ]
leader: None - tt: 1 - fmin: 5 - fmax: 10
{'nourriture': 5, 'linemate': 1, 'mendiane': 1, 'thystame': 1, 'player': 1}
I want to Eleve myself \o/ !
incantation is not possible yet !
Collecting...
found 1 linemate at 0
going for linemate at 0
looting 1 linemate
looting 5 nourriture
==================================
==================================
================================== [ bernard 1 ] [ lvl 1 - food 14 ]
leader: None - tt: 1 - fmin: 5 - fmax: 10
{'nourriture': 0, 'linemate': 0, 'mendiane': 1, 'thystame': 1, 'player': 1, 'visited': False}
I want to Eleve myself \o/ !
incantation is possible !
preparing the ritual...
placing 1 linemate
I'm Elevating \o/ !
==================================
==================================
elevation en cours
---------------------------------- LVL [ 2 ]
I need to check my stuff !
================================== [ bernard 1 ] [ lvl 2 - food 11 ]
leader: None - tt: 1 - fmin: 5 - fmax: 10
{'mendiane': 1, 'thystame': 1, 'player': 1}
My team is not full I need to reproduce !
==================================
==================================
================================== [ bernard 1 ] [ lvl 2 - food 11 ]
leader: None - tt: 1 - fmin: 5 - fmax: 10
{'mendiane': 1, 'thystame': 1, 'player': 1}
==================================
==================================
MESSAGE RECEIVED ---------
message 8,team_name l I just hatched an egg !
message 3,team_name m I just hatched an egg !
message 7,team_name o I just hatched an egg !
message 5,team_name e I just hatched an egg !
message 5,team_name b I just hatched an egg !
message 1,team_name p I just hatched an egg !
message 5,team_name d I just hatched an egg !
message 6,team_name n I just hatched an egg !
message 7,team_name f I just hatched an egg !
--------------------------
MESSAGE RECEIVED ---------
message 6,team_name a I just hatched an egg !
--------------------------
================================== [ bernard 1 ] [ lvl 2 - food 11 ]
leader: None - tt: 1 - fmin: 12 - fmax: 12
{'mendiane': 1, 'thystame': 1, 'player': 1}
I'm hungry >< !
1 nourriture ! going to pos: 1
==================================
==================================
MESSAGE RECEIVED ---------
message 2,team_name c I just hatched an egg !
message 1,team_name k I just hatched an egg !
message 7,team_name g I just hatched an egg !
message 1,team_name h I just hatched an egg !
--------------------------
MESSAGE RECEIVED ---------
message 3,team_name i I just hatched an egg !
--------------------------
I need to check my stuff !
================================== [ bernard 1 ] [ lvl 2 - food 11 ]
leader: None - tt: 2 - fmin: 12 - fmax: 12
{'linemate': 1, 'deraumere': 1, 'mendiane': 2, 'phiras': 1, 'player': 1}
I'm hungry >< !
3 nourriture ! going to pos: 1
==================================
==================================
================================== [ bernard 1 ] [ lvl 2 - food 14 ]
leader: None - tt: 2 - fmin: 12 - fmax: 12
{'nourriture': 0, 'sibur': 1, 'mendiane': 1, 'phiras': 2, 'thystame': 1, 'visited': False}
==================================
==================================
================================== [ bernard 1 ] [ lvl 2 - food 14 ]
leader: None - tt: 2 - fmin: 15 - fmax: 15
{'nourriture': 0, 'sibur': 1, 'mendiane': 1, 'phiras': 2, 'thystame': 1, 'visited': False}
I'm hungry >< !
2 nourriture ! going to pos: 2
==================================
==================================
I need to check my stuff !
================================== [ bernard 1 ] [ lvl 2 - food 15 ]
leader: None - tt: 2 - fmin: 15 - fmax: 15
{'nourriture': 1, 'linemate': 1, 'deraumere': 1, 'sibur': 1, 'mendiane': 1, 'player': 1}
==================================
==================================
================================== [ bernard 1 ] [ lvl 2 - food 15 ]
leader: None - tt: 2 - fmin: 16 - fmax: 16
{'nourriture': 1, 'linemate': 1, 'deraumere': 1, 'sibur': 1, 'mendiane': 1, 'player': 1}
I'm hungry >< !
1 nourriture ! going to pos: 0
==================================
==================================
================================== [ bernard 1 ] [ lvl 2 - food 16 ]
leader: None - tt: 2 - fmin: 16 - fmax: 16
{'nourriture': 0, 'linemate': 1, 'deraumere': 1, 'sibur': 1, 'mendiane': 1, 'player': 1, 'visited': False}
==================================
==================================
================================== [ bernard 1 ] [ lvl 2 - food 16 ]
leader: None - tt: 2 - fmin: 17 - fmax: 17
{'nourriture': 0, 'linemate': 1, 'deraumere': 1, 'sibur': 1, 'mendiane': 1, 'player': 1, 'visited': False}
I'm hungry >< !
1 nourriture ! going to pos: 1
==================================
==================================
================================== [ bernard 1 ] [ lvl 2 - food 17 ]
leader: None - tt: 2 - fmin: 17 - fmax: 17
{'nourriture': 0, 'deraumere': 2, 'mendiane': 1, 'phiras': 1, 'thystame': 1, 'visited': False}
==================================
==================================
================================== [ bernard 1 ] [ lvl 2 - food 17 ]
leader: None - tt: 2 - fmin: 18 - fmax: 18
{'nourriture': 0, 'deraumere': 2, 'mendiane': 1, 'phiras': 1, 'thystame': 1, 'visited': False}
I'm hungry >< !
3 nourriture ! going to pos: 4
==================================
==================================
I need to check my stuff !
================================== [ bernard 1 ] [ lvl 2 - food 18 ]
leader: None - tt: 2 - fmin: 18 - fmax: 18
{'linemate': 2, 'mendiane': 1, 'thystame': 3, 'player': 1}
My team is not full I need to reproduce !
==================================
==================================
================================== [ bernard 1 ] [ lvl 2 - food 18 ]
leader: None - tt: 2 - fmin: 18 - fmax: 18
{'linemate': 2, 'mendiane': 1, 'thystame': 3, 'player': 1}
==================================
==================================
MESSAGE RECEIVED ---------
message 5,team_name o I just hatched an egg !
message 5,team_name p I just hatched an egg !
--------------------------
MESSAGE RECEIVED ---------
message 5,team_name b I just hatched an egg !
--------------------------
MESSAGE RECEIVED ---------
message 5,team_name e I just hatched an egg !
message 1,team_name a I just hatched an egg !
message 5,team_name e I just hatched an egg !
--------------------------
================================== [ bernard 1 ] [ lvl 2 - food 18 ]BIENVENUE
1
20 15
I'm blind :'(
MESSAGE RECEIVED ---------
message 4,team_name a I just hatched an egg !
message 0,team_name j I just hatched an egg !
--------------------------
MESSAGE RECEIVED ---------
message 8,team_name c I just hatched an egg !
message 7,team_name k I just hatched an egg !
message 5,team_name g I just hatched an egg !
message 7,team_name h I just hatched an egg !
--------------------------
================================== [ bernard 2 ] [ lvl 1 - food 9 ]
leader: None - tt: 2 - fmin: 5 - fmax: 10
{'mendiane': 1, 'thystame': 1, 'player': 1}
I want to Eleve myself \o/ !
incantation is not possible yet !
Collecting...
found 2 linemate at 2
going for linemate at 2
looting 2 linemate
looting 3 nourriture
==================================
==================================
MESSAGE RECEIVED ---------
message 8,team_name i I just hatched an egg !
--------------------------
================================== [ bernard 2 ] [ lvl 1 - food 12 ]
leader: None - tt: 2 - fmin: 5 - fmax: 10
{'nourriture': 0, 'linemate': 0, 'deraumere': 2, 'sibur': 2, 'phiras': 2, 'visited': False}
I want to Eleve myself \o/ !
incantation is possible !
preparing the ritual...
placing 1 linemate
I'm Elevating \o/ !
==================================
==================================
elevation en cours
---------------------------------- LVL [ 2 ]
I need to check my stuff !
================================== [ bernard 2 ] [ lvl 2 - food 9 ]
leader: None - tt: 2 - fmin: 5 - fmax: 10
{'deraumere': 2, 'sibur': 2, 'phiras': 2, 'player': 1}
My team is not full I need to reproduce !
==================================
==================================
================================== [ bernard 2 ] [ lvl 2 - food 9 ]
leader: None - tt: 2 - fmin: 5 - fmax: 10
{'deraumere': 2, 'sibur': 2, 'phiras': 2, 'player': 1}
==================================
==================================
MESSAGE RECEIVED ---------
message 3,team_name o I just hatched an egg !
message 1,team_name p I just hatched an egg !
message 3,team_name b I just hatched an egg !
message 3,team_name e I just hatched an egg !
message 3,team_name a I just hatched an egg !
message 7,team_name j I just hatched an egg !
message 3,team_name e I just hatched an egg !
message 8,team_name p I just hatched an egg !
message 3,team_name n I just hatched an egg !
message 1,team_name m I just hatched an egg !
message 3,team_name n I just hatched an egg !
message 3,team_name d I just hatched an egg !
message 3,team_name d I just hatched an egg !
message 3,team_name a I just hatched an egg !
message 7,team_name f I just hatched an egg !
message 3,team_name l I just hatched an egg !
message 7,team_name i I just hatched an egg !
message 3,team_name k I just hatched an egg !
message 3,team_name b I just hatched an egg !
message 7,team_name l I just hatched an egg !
message 7,team_name k I just hatched an egg !
--------------------------
MESSAGE RECEIVED ---------
message 1,team_name c I just hatched an egg !
--------------------------
================================== [ bernard 2 ] [ lvl 2 - food 9 ]
leader: None - tt: 2 - fmin: 10 - fmax: 10
{'deraumere': 2, 'sibur': 2, 'phiras': 2, 'player': 1}
I'm hungry >< !
4 nourriture ! going to pos: 1
==================================
==================================
MESSAGE RECEIVED ---------
message 3,team_name m I just hatched an egg !
--------------------------
MESSAGE RECEIVED ---------
message 4,team_name h I just hatched an egg !
message 3,team_name h I just hatched an egg !
--------------------------
MESSAGE RECEIVED ---------
message 3,team_name c I just hatched an egg !
message 1,team_name g I just hatched an egg !
--------------------------
MESSAGE RECEIVED ---------
message 5,team_name i I just hatched an egg !
message 3,team_name f I just hatched an egg !
--------------------------
I need to check my stuff !
================================== [ bernard 2 ] [ lvl 2 - food 12 ]
leader: None - tt: 4 - fmin: 10 - fmax: 10
{'deraumere': 3, 'sibur': 2, 'phiras': 1, 'thystame': 2, 'player': 1}
==================================
==================================
================================== [ bernard 2 ] [ lvl 2 - food 12 ]
leader: None - tt: 4 - fmin: 13 - fmax: 13
{'deraumere': 3, 'sibur': 2, 'phiras': 1, 'thystame': 2, 'player': 1}
I'm hungry >< !
3 nourriture ! going to pos: 1
==================================
==================================
================================== [ bernard 2 ] [ lvl 2 - food 15 ]
leader: None - tt: 4 - fmin: 13 - fmax: 13
{'nourriture': 0, 'linemate': 1, 'phiras': 1, 'visited': False}
==================================
==================================
================================== [ bernard 2 ] [ lvl 2 - food 15 ]
leader: None - tt: 4 - fmin: 16 - fmax: 16
{'nourriture': 0, 'linemate': 1, 'phiras': 1, 'visited': False}
I'm hungry >< !
5 nourriture ! going to pos: 2
==================================
==================================
MESSAGE RECEIVED ---------
message 4,team_name g I just hatched an egg !
--------------------------
I need to check my stuff !
================================== [ bernard 2 ] [ lvl 2 - food 18 ]
leader: None - tt: 4 - fmin: 16 - fmax: 16
{'deraumere': 2, 'player': 1}
==================================
==================================
================================== [ bernard 2 ] [ lvl 2 - food 18 ]
leader: None - tt: 4 - fmin: 19 - fmax: 19
{'deraumere': 2, 'player': 1}
I'm hungry >< !
5 nourriture ! going to pos: 2
==================================
==================================
================================== [ bernard 2 ] [ lvl 2 - food 23 ]
leader: None - tt: 4 - fmin: 19 - fmax: 19
{'nourriture': 0, 'linemate': 3, 'deraumere': 1, 'mendiane': 2, 'phiras': 2, 'thystame': 1, 'visited': False}
==================================
==================================
================================== [ bernard 2 ] [ lvl 2 - food 23 ]
leader: None - tt: 4 - fmin: 24 - fmax: 24
{'nourriture': 0, 'linemate': 3, 'deraumere': 1, 'mendiane': 2, 'phiras': 2, 'thystame': 1, 'visited': False}
I'm hungry >< !
1 nourriture ! going to pos: 3
==================================
==================================
================================== [ bernard 2 ] [ lvl 2 - food 24 ]
leader: None - tt: 4 - fmin: 24 - fmax: 24
{'nourriture': 0, 'deraumere': 1, 'sibur': 2, 'mendiane': 3, 'phiras': 1, 'thystame': 1, 'player': 1, 'visited': False}
My team is not full I need to reproduce !
==================================
==================================
================================== [ bernard 2 ] [ lvl 2 - food 24 ]
leader: None - tt: 4 - fmin: 24 - fmax: 24
{'nourriture': 0, 'deraumere': 1, 'sibur': 2, 'mendiane': 3, 'phiras': 1, 'thystame': 1, 'player': 1, 'visited': False}
==================================
==================================

leader: None - tt: 2 - fmin: 19 - fmax: 19
{'linemate': 2, 'mendiane': 1, 'thystame': 3, 'player': 1}
I'm hungry >< !
1 nourriture ! going to pos: 1
==================================
==================================
MESSAGE RECEIVED ---------
message 3,team_name p I just hatched an egg !
message 5,team_name n I just hatched an egg !
--------------------------
MESSAGE RECEIVED ---------
message 3,team_name m I just hatched an egg !
--------------------------
MESSAGE RECEIVED ---------
message 2,team_name n I just hatched an egg !
message 5,team_name d I just hatched an egg !
--------------------------
MESSAGE RECEIVED ---------
message 3,team_name d I just hatched an egg !
--------------------------
MESSAGE RECEIVED ---------
message 8,team_name a I just hatched an egg !
message 5,team_name f I just hatched an egg !
message 3,team_name l I just hatched an egg !
message 5,team_name i I just hatched an egg !
message 6,team_name k I just hatched an egg !
message 5,team_name b I just hatched an egg !
message 5,team_name l I just hatched an egg !
message 3,team_name j I just hatched an egg !
message 5,team_name k I just hatched an egg !
--------------------------
MESSAGE RECEIVED ---------
message 1,team_name c I just hatched an egg !
--------------------------
MESSAGE RECEIVED ---------
message 5,team_name m I just hatched an egg !
--------------------------
MESSAGE RECEIVED ---------
message 3,team_name h I just hatched an egg !
message 1,team_name h I just hatched an egg !
--------------------------
MESSAGE RECEIVED ---------
message 1,team_name c I just hatched an egg !
message 3,team_name g I just hatched an egg !
--------------------------
I need to check my stuff !
MESSAGE RECEIVED ---------
message 5,team_name i I just hatched an egg !
message 3,team_name f I just hatched an egg !
--------------------------
================================== [ bernard 1 ] [ lvl 2 - food 18 ]
leader: None - tt: 4 - fmin: 19 - fmax: 19
{'linemate': 1, 'mendiane': 1, 'phiras': 2, 'player': 1}
I'm hungry >< !
1 nourriture ! going to pos: 1
==================================
==================================
================================== [ bernard 1 ] [ lvl 2 - food 19 ]
leader: None - tt: 4 - fmin: 19 - fmax: 19
{'nourriture': 0, 'deraumere': 2, 'sibur': 1, 'mendiane': 1, 'thystame': 2, 'visited': False}
==================================
==================================
================================== [ bernard 1 ] [ lvl 2 - food 19 ]
leader: None - tt: 4 - fmin: 20 - fmax: 20
{'nourriture': 0, 'deraumere': 2, 'sibur': 1, 'mendiane': 1, 'thystame': 2, 'visited': False}
I'm hungry >< !
5 nourriture ! going to pos: 2
==================================
==================================
I need to check my stuff !
MESSAGE RECEIVED ---------
message 3,team_name g I just hatched an egg !
--------------------------
================================== [ bernard 1 ] [ lvl 2 - food 23 ]
leader: None - tt: 4 - fmin: 20 - fmax: 20
{'linemate': 2, 'sibur': 1, 'mendiane': 3, 'phiras': 1, 'player': 2}
==================================
==================================
================================== [ bernard 1 ] [ lvl 2 - food 23 ]
leader: None - tt: 4 - fmin: 24 - fmax: 24
{'linemate': 2, 'sibur': 1, 'mendiane': 3, 'phiras': 1, 'player': 2}
I'm hungry >< !
no food nearby. looking around !
==================================
==================================
================================== [ bernard 1 ] [ lvl 2 - food 23 ]
leader: None - tt: 4 - fmin: 24 - fmax: 24
{'deraumere': 1, 'sibur': 1, 'mendiane': 2, 'player': 1}
I'm hungry >< !
1 nourriture ! going to pos: 1
==================================
==================================
================================== [ bernard 1 ] [ lvl 2 - food 24 ]
leader: None - tt: 4 - fmin: 24 - fmax: 24
{'nourriture': 0, 'mendiane': 2, 'thystame': 4, 'player': 1, 'visited': False}
==================================
==================================
================================== [ bernard 1 ] [ lvl 2 - food 24 ]
leader: None - tt: 4 - fmin: 25 - fmax: 25
{'nourriture': 0, 'mendiane': 2, 'thystame': 4, 'player': 1, 'visited': False}
I'm hungry >< !
2 nourriture ! going to pos: 2
==================================
==================================
I need to check my stuff !
================================== [ bernard 1 ] [ lvl 2 - food 24 ]
leader: None - tt: 4 - fmin: 25 - fmax: 25
{'nourriture': 2, 'sibur': 1, 'phiras': 2, 'thystame': 3, 'player': 1}
I'm hungry >< !
2 nourriture ! going to pos: 0
==================================
==================================
MESSAGE RECEIVED ---------
message 1,team_name b I just hatched an egg !
--------------------------
================================== [ bernard 1 ] [ lvl 2 - food 26 ]
leader: None - tt: 4 - fmin: 25 - fmax: 25
{'nourriture': 0, 'sibur': 1, 'phiras': 2, 'thystame': 3, 'player': 1, 'visited': False}
My team is not full I need to reproduce !
==================================
==================================
================================== [ bernard 1 ] [ lvl 2 - food 26 ]
leader: None - tt: 4 - fmin: 25 - fmax: 25
{'nourriture': 0, 'sibur': 1, 'phiras': 2, 'thystame': 3, 'player': 1, 'visited': False}
==================================
==================================
MESSAGE RECEIVED ---------
message 5,team_name j I just hatched an egg !
message 3,team_name o I just hatched an egg !
message 1,team_name p I just hatched an egg !
message 3,team_name p I just hatched an egg !
message 3,team_name d I just hatched an egg !
message 1,team_name f I just hatched an egg !
message 7,team_name e I just hatched an egg !
message 3,team_name l I just hatched an egg !
message 3,team_name e I just hatched an egg !
--------------------------
BIENVENUE
1
20 15
I'm blind :'(
MESSAGE RECEIVED ---------
message 1,team_name c I just hatched an egg !
--------------------------
MESSAGE RECEIVED ---------
message 3,team_name m I just hatched an egg !
--------------------------
MESSAGE RECEIVED ---------
message 5,team_name h I just hatched an egg !
message 3,team_name h I just hatched an egg !
--------------------------
================================== [ bernard 4 ] [ lvl 1 - food 9 ]
leader: None - tt: 4 - fmin: 5 - fmax: 10
{'deraumere': 2, 'sibur': 2, 'phiras': 2, 'player': 1}
I want to Eleve myself \o/ !
incantation is not possible yet !
Collecting...
found 1 linemate at 2
going for linemate at 2
looting 1 linemate
looting 3 nourriture
==================================
==================================
MESSAGE RECEIVED ---------
message 3,team_name c I just hatched an egg !
message 4,team_name g I just hatched an egg !
--------------------------
MESSAGE RECEIVED ---------
message 7,team_name i I just hatched an egg !
message 5,team_name f I just hatched an egg !
--------------------------
================================== [ bernard 4 ] [ lvl 1 - food 12 ]
leader: None - tt: 4 - fmin: 5 - fmax: 10
{'nourriture': 0, 'linemate': 0, 'deraumere': 2, 'sibur': 1, 'mendiane': 1, 'thystame': 1, 'visited': False}
I want to Eleve myself \o/ !
incantation is possible !
preparing the ritual...
placing 1 linemate
I'm Elevating \o/ !
==================================
==================================
elevation en cours
MESSAGE RECEIVED ---------
message 3,team_name g I just hatched an egg !
--------------------------
---------------------------------- LVL [ 2 ]
I need to check my stuff !
MESSAGE RECEIVED ---------
message 3,team_name b I just hatched an egg !
--------------------------
================================== [ bernard 4 ] [ lvl 2 - food 9 ]
leader: None - tt: 4 - fmin: 5 - fmax: 10
{'deraumere': 2, 'sibur': 1, 'mendiane': 1, 'thystame': 1, 'player': 1}
My team is not full I need to reproduce !
==================================
==================================
================================== [ bernard 4 ] [ lvl 2 - food 9 ]
leader: None - tt: 4 - fmin: 5 - fmax: 10
{'deraumere': 2, 'sibur': 1, 'mendiane': 1, 'thystame': 1, 'player': 1}
==================================
==================================
BIENVENUE
2
20 15
I'm blind :'(
MESSAGE RECEIVED ---------
message 5,team_name e I just hatched an egg !
message 1,team_name a I just hatched an egg !
message 0,team_name j I just hatched an egg !
message 5,team_name e I just hatched an egg !
--------------------------
================================== [ bernard 3 ] [ lvl 1 - food 9 ]
leader: None - tt: 3 - fmin: 5 - fmax: 10
{'linemate': 2, 'mendiane': 1, 'thystame': 3, 'player': 1}
I want to Eleve myself \o/ !
incantation is not possible yet !
Collecting...
found 2 linemate at 0
going for linemate at 0
looting 2 linemate
==================================
==================================
MESSAGE RECEIVED ---------
message 3,team_name p I just hatched an egg !
message 5,team_name n I just hatched an egg !
--------------------------
MESSAGE RECEIVED ---------
message 3,team_name m I just hatched an egg !
message 1,team_name n I just hatched an egg !
message 5,team_name d I just hatched an egg !
--------------------------
MESSAGE RECEIVED ---------
message 5,team_name d I just hatched an egg !
--------------------------
MESSAGE RECEIVED ---------
message 2,team_name a I just hatched an egg !
message 7,team_name f I just hatched an egg !
message 5,team_name l I just hatched an egg !
message 7,team_name i I just hatched an egg !
message 1,team_name k I just hatched an egg !
message 1,team_name b I just hatched an egg !
message 7,team_name l I just hatched an egg !
message 5,team_name j I just hatched an egg !
message 7,team_name k I just hatched an egg !
--------------------------
MESSAGE RECEIVED ---------
message 3,team_name c I just hatched an egg !
--------------------------
================================== [ bernard 3 ] [ lvl 1 - food 9 ]
leader: None - tt: 3 - fmin: 5 - fmax: 10
{'linemate': 0, 'mendiane': 1, 'thystame': 3, 'player': 1, 'visited': False}
I want to Eleve myself \o/ !
incantation is possible !
preparing the ritual...
placing 1 linemate
I'm Elevating \o/ !
==================================
==================================
MESSAGE RECEIVED ---------
message 5,team_name m I just hatched an egg !
--------------------------
elevation en cours
MESSAGE RECEIVED ---------
message 7,team_name h I just hatched an egg !
message 1,team_name h I just hatched an egg !
--------------------------
MESSAGE RECEIVED ---------
message 1,team_name c I just hatched an egg !
message 3,team_name g I just hatched an egg !
--------------------------
MESSAGE RECEIVED ---------
message 3,team_name i I just hatched an egg !
message 3,team_name f I just hatched an egg !
--------------------------
MESSAGE RECEIVED ---------
message 2,team_name g I just hatched an egg !
--------------------------
---------------------------------- LVL [ 2 ]
I need to check my stuff !
================================== [ bernard 3 ] [ lvl 2 - food 6 ]
leader: None - tt: 4 - fmin: 5 - fmax: 10
{'mendiane': 1, 'thystame': 3}
My team is not full I need to reproduce !
==================================
==================================
================================== [ bernard 3 ] [ lvl 2 - food 6 ]
leader: None - tt: 4 - fmin: 5 - fmax: 10
{'mendiane': 1, 'thystame': 3}
==================================
==================================
MESSAGE RECEIVED ---------
message 5,team_name b I just hatched an egg !
--------------------------
MESSAGE RECEIVED ---------
message 5,team_name o I just hatched an egg !
message 7,team_name p I just hatched an egg !
--------------------------
================================== [ bernard 3 ] [ lvl 2 - food 6 ]
leader: None - tt: 4 - fmin: 7 - fmax: 7
{'mendiane': 1, 'thystame': 3}
I'm hungry >< !
1 nourriture ! going to pos: 1
==================================
==================================
MESSAGE RECEIVED ---------
message 4,team_name p I just hatched an egg !
--------------------------
MESSAGE RECEIVED ---------
message 3,team_name d I just hatched an egg !
--------------------------
MESSAGE RECEIVED ---------
message 5,team_name f I just hatched an egg !
message 7,team_name e I just hatched an egg !
message 3,team_name l I just hatched an egg !
--------------------------
MESSAGE RECEIVED ---------
message 3,team_name e I just hatched an egg !
--------------------------
BIENVENUE
1
20 15
I'm blind :'(
MESSAGE RECEIVED ---------
message 0,team_name j I just hatched an egg !
message 7,team_name o I just hatched an egg !
message 1,team_name p I just hatched an egg !
--------------------------
MESSAGE RECEIVED ---------
message 6,team_name p I just hatched an egg !
--------------------------
================================== [ bernard 5 ] [ lvl 1 - food 9 ]
leader: None - tt: 5 - fmin: 5 - fmax: 10
{'mendiane': 1, 'thystame': 3}
I want to Eleve myself \o/ !
incantation is not possible yet !
Collecting...
found 3 linemate at 2
going for linemate at 2
looting 3 linemate
==================================
==================================
MESSAGE RECEIVED ---------
message 7,team_name d I just hatched an egg !
--------------------------
MESSAGE RECEIVED ---------
message 2,team_name f I just hatched an egg !
--------------------------
MESSAGE RECEIVED ---------
message 3,team_name e I just hatched an egg !
message 7,team_name l I just hatched an egg !
--------------------------
MESSAGE RECEIVED ---------
message 7,team_name e I just hatched an egg !
--------------------------
