BIENVENUE
1
15 15
I'm blind :'(
MESSAGE RECEIVED ---------
You have to wait for the game to start.
--------------------------
MESSAGE RECEIVED ---------
You have to wait for the game to start.
--------------------------
MESSAGE RECEIVED ---------
You have to wait for the game to start.
--------------------------
MESSAGE RECEIVED ---------
You have to wait for the game to start.
--------------------------
MESSAGE RECEIVED ---------
You have to wait for the game to start.
--------------------------
MESSAGE RECEIVED ---------
You have to wait for the game to start.
--------------------------
MESSAGE RECEIVED ---------
You have to wait for the game to start.
--------------------------
MESSAGE RECEIVED ---------
You have to wait for the game to start.
--------------------------
MESSAGE RECEIVED ---------
You have to wait for the game to start.
--------------------------
MESSAGE RECEIVED ---------
You have to wait for the game to start.
--------------------------
MESSAGE RECEIVED ---------
You have to wait for the game to start.
--------------------------
MESSAGE RECEIVED ---------
You have to wait for the game to start.
--------------------------
MESSAGE RECEIVED ---------
You have to wait for the game to start.
--------------------------
MESSAGE RECEIVED ---------
You have to wait for the game to start.
--------------------------
================================== [ bernard 1 ] [ lvl 1 - food 9 ]
leader: None - tt: 1 - fmin: 5 - fmax: 10
{'nourriture': 1, 'linemate': 1, 'deraumere': 3, 'mendiane': 3, 'thystame': 3, 'player': 1}
I want to Eleve myself \o/ !
incantation is not possible yet !
Collecting...
found 1 linemate at 0
going for linemate at 0
looting 1 linemate
looting 1 nourriture
==================================
==================================
================================== [ bernard 1 ] [ lvl 1 - food 10 ]
leader: None - tt: 1 - fmin: 5 - fmax: 10
{'nourriture': 0, 'linemate': 0, 'deraumere': 3, 'mendiane': 3, 'thystame': 3, 'player': 1, 'visited': False}
I want to Eleve myself \o/ !
incantation is possible !
preparing the ritual...
placing 1 linemate
I'm Elevating \o/ !
==================================
==================================
elevation en cours
---------------------------------- LVL [ 2 ]
I need to check my stuff !
================================== [ bernard 1 ] [ lvl 2 - food 7 ]
leader: None - tt: 1 - fmin: 5 - fmax: 10
{'deraumere': 3, 'mendiane': 3, 'thystame': 3, 'player': 1}
My team is not full I need to reproduce !
==================================
==================================
================================== [ bernard 1 ] [ lvl 2 - food 7 ]
leader: None - tt: 2 - fmin: 5 - fmax: 10
{'deraumere': 3, 'mendiane': 3, 'thystame': 3, 'player': 1}
==================================
==================================
MESSAGE RECEIVED ---------
--------------------------
MESSAGE RECEIVED ---------
--------------------------
================================== [ bernard 1 ] [ lvl 2 - food 7 ]
leader: None - tt: 2 - fmin: 8 - fmax: 8
{'deraumere': 3, 'mendiane': 3, 'thystame': 3, 'player': 1}
I'm hungry >< !
1 nourriture ! going to pos: 1
==================================
==================================
MESSAGE RECEIVED ---------
--------------------------
MESSAGE RECEIVED ---------
--------------------------
MESSAGE RECEIVED ---------
--------------------------
MESSAGE RECEIVED ---------
--------------------------
I need to check my stuff !
MESSAGE RECEIVED ---------
--------------------------
MESSAGE RECEIVED ---------
--------------------------
================================== [ bernard 1 ] [ lvl 2 - food 7 ]
leader: None - tt: 2 - fmin: 8 - fmax: 8
{'linemate': 2, 'deraumere': 1, 'mendiane': 1, 'thystame': 1, 'player': 2}
I'm hungry >< !
3 nourriture ! going to pos: 2
==================================
==================================
================================== [ bernard 1 ] [ lvl 2 - food 10 ]
leader: None - tt: 2 - fmin: 8 - fmax: 8
{'nourriture': 0, 'deraumere': 1, 'mendiane': 1, 'phiras': 1, 'thystame': 1, 'visited': False}
==================================
==================================
================================== [ bernard 1 ] [ lvl 2 - food 10 ]
leader: None - tt: 2 - fmin: 11 - fmax: 11
{'nourriture': 0, 'deraumere': 1, 'mendiane': 1, 'phiras': 1, 'thystame': 1, 'visited': False}
I'm hungry >< !
1 nourriture ! going to pos: 3
==================================
==================================
================================== [ bernard 1 ] [ lvl 2 - food 11 ]
leader: None - tt: 2 - fmin: 11 - fmax: 11
{'nourriture': 0, 'linemate': 3, 'sibur': 1, 'mendiane': 1, 'thystame': 1, 'visited': False}
==================================
==================================
================================== [ bernard 1 ] [ lvl 2 - food 11 ]
leader: None - tt: 2 - fmin: 12 - fmax: 12
{'nourriture': 0, 'linemate': 3, 'sibur': 1, 'mendiane': 1, 'thystame': 1, 'visited': False}
I'm hungry >< !
4 nourriture ! going to pos: 4
==================================
==================================
C.PREND nourriture : KO
C.PREND nourriture : KO
C.PREND nourriture : KO
C.PREND nourriture : KO
================================== [ bernard 1 ] [ lvl 2 - food 11 ]
leader: None - tt: 2 - fmin: 12 - fmax: 12
{'nourriture': 0, 'deraumere': 1, 'sibur': 1, 'mendiane': 1, 'thystame': 4, 'visited': False}
I'm hungry >< !
2 nourriture ! going to pos: 5
==================================
==================================
C.PREND nourriture : KO
C.PREND nourriture : KO
================================== [ bernard 1 ] [ lvl 2 - food 11 ]
leader: None - tt: 2 - fmin: 12 - fmax: 12
{'nourriture': 0, 'linemate': 2, 'thystame': 2, 'visited': False}
I'm hungry >< !
2 nourriture ! going to pos: 6
==================================
==================================
C.PREND nourriture : KO
C.PREND nourriture : KO
================================== [ bernard 1 ] [ lvl 2 - food 11 ]
leader: None - tt: 2 - fmin: 12 - fmax: 12
{'nourriture': 0, 'linemate': 1, 'deraumere': 2, 'sibur': 1, 'mendiane': 1, 'thystame': 1, 'visited': False}
I'm hungry >< !
1 nourriture ! going to pos: 7
==================================
==================================
I need to check my stuff !
================================== [ bernard 1 ] [ lvl 2 - food 10 ]
leader: None - tt: 2 - fmin: 12 - fmax: 12
{'linemate': 3, 'deraumere': 1, 'thystame': 2, 'player': 1}
I'm hungry >< !
1 nourriture ! going to pos: 2
==================================
==================================
C.PREND nourriture : KO
Someone is around !
================================== [ bernard 1 ] [ lvl 2 - food 10 ]
leader: None - tt: 2 - fmin: 12 - fmax: 12
{'deraumere': 3, 'sibur': 1, 'mendiane': 1, 'player': 1}
I'm hungry >< !
3 nourriture ! going to pos: 8
==================================
==================================
MESSAGE RECEIVED ---------
--------------------------
MESSAGE RECEIVED ---------
--------------------------
MESSAGE RECEIVED ---------
--------------------------
I need to check my stuff !
MESSAGE RECEIVED ---------
--------------------------
MESSAGE RECEIVED ---------
--------------------------
MESSAGE RECEIVED ---------
--------------------------
================================== [ bernard 1 ] [ lvl 2 - food 12 ]
leader: None - tt: 2 - fmin: 12 - fmax: 12
{'linemate': 1, 'deraumere': 2, 'sibur': 3, 'thystame': 2, 'player': 1}
My team is not full I need to reproduce !
==================================
==================================
MESSAGE RECEIVED ---------
--------------------------
================================== [ bernard 1 ] [ lvl 2 - food 12 ]
leader: None - tt: 3 - fmin: 12 - fmax: 12
{'linemate': 1, 'deraumere': 2, 'sibur': 3, 'thystame': 2, 'player': 1}
==================================
==================================
MESSAGE RECEIVED ---------
--------------------------
================================== [ bernard 1 ] [ lvl 2 - food 12 ]
leader: None - tt: 3 - fmin: 13 - fmax: 13
{'linemate': 1, 'deraumere': 2, 'sibur': 3, 'thystame': 2, 'player': 1}
I'm hungry >< !
1 nourriture ! going to pos: 2
==================================
==================================
C.PREND nourriture : KO
================================== [ bernard 1 ] [ lvl 2 - food 12 ]BIENVENUE
1
15 15
I'm blind :'(
MESSAGE RECEIVED ---------
from: 0 - message: team_name k I just hatched an egg !
--------------------------
MESSAGE RECEIVED ---------
--------------------------
================================== [ bernard 2 ] [ lvl 1 - food 9 ]
leader: None - tt: 2 - fmin: 5 - fmax: 10
{'deraumere': 3, 'mendiane': 3, 'thystame': 3, 'player': 1}
I want to Eleve myself \o/ !
incantation is not possible yet !
Collecting...
nothing found in view range
scooting the area
==================================
==================================
MESSAGE RECEIVED ---------
--------------------------
MESSAGE RECEIVED ---------
--------------------------
MESSAGE RECEIVED ---------
--------------------------
================================== [ bernard 2 ] [ lvl 1 - food 9 ]
leader: None - tt: 2 - fmin: 5 - fmax: 10
{'deraumere': 3, 'mendiane': 3, 'thystame': 3}
I want to Eleve myself \o/ !
incantation is not possible yet !
Collecting...
nothing found in view range
scooting the area
==================================
==================================
MESSAGE RECEIVED ---------
--------------------------
================================== [ bernard 2 ] [ lvl 1 - food 9 ]
leader: None - tt: 2 - fmin: 5 - fmax: 10
{'deraumere': 3, 'mendiane': 3, 'thystame': 3}
I want to Eleve myself \o/ !
incantation is not possible yet !
Collecting...
found 2 linemate at 1
going for linemate at 1
looting 2 linemate
==================================
==================================
MESSAGE RECEIVED ---------
--------------------------
elevation en cours
C.PREND linemate : KO
Someone is around !
I need to check my stuff !
================================== [ bernard 2 ] [ lvl 1 - food 8 ]
leader: None - tt: 2 - fmin: 5 - fmax: 10
{'deraumere': 1, 'mendiane': 1, 'thystame': 1, 'player': 2}
I want to Eleve myself \o/ !
incantation is not possible yet !
Collecting...
found 1 linemate at 1
going for linemate at 1
looting 1 linemate
looting 1 nourriture
==================================
==================================
================================== [ bernard 2 ] [ lvl 1 - food 9 ]
leader: None - tt: 2 - fmin: 5 - fmax: 10
{'nourriture': 0, 'linemate': 0, 'deraumere': 3, 'sibur': 2, 'mendiane': 3, 'thystame': 2, 'visited': False}
I want to Eleve myself \o/ !
incantation is possible !
preparing the ritual...
placing 1 linemate
I'm Elevating \o/ !
==================================
==================================
elevation en cours
MESSAGE RECEIVED ---------
--------------------------
MESSAGE RECEIVED ---------
--------------------------
MESSAGE RECEIVED ---------
--------------------------
MESSAGE RECEIVED ---------
--------------------------
MESSAGE RECEIVED ---------
--------------------------
MESSAGE RECEIVED ---------
--------------------------
MESSAGE RECEIVED ---------
--------------------------
MESSAGE RECEIVED ---------
--------------------------
MESSAGE RECEIVED ---------
--------------------------
---------------------------------- LVL [ 2 ]
I need to check my stuff !
MESSAGE RECEIVED ---------
--------------------------
MESSAGE RECEIVED ---------
--------------------------
================================== [ bernard 2 ] [ lvl 2 - food 6 ]
leader: None - tt: 2 - fmin: 5 - fmax: 10
{'nourriture': 1, 'deraumere': 3, 'sibur': 2, 'mendiane': 3, 'thystame': 2, 'player': 1}
My team is not full I need to reproduce !
==================================
==================================
================================== [ bernard 2 ] [ lvl 2 - food 6 ]
leader: None - tt: 3 - fmin: 5 - fmax: 10
{'nourriture': 1, 'deraumere': 3, 'sibur': 2, 'mendiane': 3, 'thystame': 2, 'player': 1}
==================================
==================================
