BIENVENUE
1
15 15
I'm blind :'(
MESSAGE RECEIVED ---------
from: 0 - message: team_name m I just hatched an egg !
--------------------------
MESSAGE RECEIVED ---------
--------------------------
MESSAGE RECEIVED ---------
--------------------------
================================== [ bernard 3 ] [ lvl 1 - food 9 ]
leader: None - tt: 3 - fmin: 5 - fmax: 10
{'nourriture': 1, 'phiras': 2, 'thystame': 1, 'player': 1}
I want to Eleve myself \o/ !
incantation is not possible yet !
Collecting...
nothing found in view range
scooting the area
==================================
==================================
MESSAGE RECEIVED ---------
--------------------------
================================== [ bernard 3 ] [ lvl 1 - food 9 ]
leader: None - tt: 3 - fmin: 5 - fmax: 10
{'phiras': 2, 'thystame': 1, 'player': 1}
I want to Eleve myself \o/ !
incantation is not possible yet !
Collecting...
nothing found in view range
scooting the area
==================================
==================================
MESSAGE RECEIVED ---------
--------------------------
MESSAGE RECEIVED ---------
--------------------------
MESSAGE RECEIVED ---------
--------------------------
MESSAGE RECEIVED ---------
--------------------------
================================== [ bernard 3 ] [ lvl 1 - food 9 ]
leader: None - tt: 3 - fmin: 5 - fmax: 10
{'phiras': 2, 'thystame': 1}
I want to Eleve myself \o/ !
incantation is not possible yet !
Collecting...
found 1 linemate at 2
going for linemate at 2
looting 1 linemate
looting 2 nourriture
==================================
==================================
MESSAGE RECEIVED ---------
from: 3 - message: team_name m I just hatched an egg !
--------------------------
MESSAGE RECEIVED ---------
--------------------------
C.PREND nourriture : KO
C.PREND nourriture : KO
Someone is around !
