BIENVENUE
1
20 15
I'm blind :'(
MESSAGE RECEIVED ---------
You have to wait for the game to start.
--------------------------
MESSAGE RECEIVED ---------
You have to wait for the game to start.
--------------------------
MESSAGE RECEIVED ---------
You have to wait for the game to start.
--------------------------
MESSAGE RECEIVED ---------
You have to wait for the game to start.
--------------------------
MESSAGE RECEIVED ---------
You have to wait for the game to start.
--------------------------
MESSAGE RECEIVED ---------
You have to wait for the game to start.
--------------------------
================================== [ bernard 1 ] [ lvl 1 - food 9 ]
leader: None - tt: 1 - fmin: 5 - fmax: 10
{'nourriture': 1, 'deraumere': 3, 'sibur': 2, 'phiras': 1, 'thystame': 2, 'player': 1}
I want to Eleve myself \o/ !
incantation is not possible yet !
Collecting...
found 1 linemate at 1
going for linemate at 1
looting 1 linemate
==================================
==================================
================================== [ bernard 1 ] [ lvl 1 - food 9 ]
leader: None - tt: 1 - fmin: 5 - fmax: 10
{'linemate': 0, 'deraumere': 2, 'sibur': 2, 'mendiane': 1, 'phiras': 2, 'thystame': 1, 'visited': False}
I want to Eleve myself \o/ !
incantation is possible !
preparing the ritual...
placing 1 linemate
I'm Elevating \o/ !
==================================
==================================
elevation en cours
---------------------------------- LVL [ 2 ]
I need to check my stuff !
================================== [ bernard 1 ] [ lvl 2 - food 6 ]
leader: None - tt: 1 - fmin: 5 - fmax: 10
{'deraumere': 2, 'sibur': 2, 'mendiane': 1, 'phiras': 2, 'thystame': 1, 'player': 1}
My team is not full I need to reproduce !
==================================
==================================
================================== [ bernard 1 ] [ lvl 2 - food 6 ]
leader: None - tt: 1 - fmin: 5 - fmax: 10
{'deraumere': 2, 'sibur': 2, 'mendiane': 1, 'phiras': 2, 'thystame': 1, 'player': 1}
==================================
==================================
MESSAGE RECEIVED ---------
message 5,team_name l I just hatched an egg !
message 7,team_name m I just hatched an egg !
message 3,team_name o I just hatched an egg !
message 3,team_name e I just hatched an egg !
message 5,team_name b I just hatched an egg !
message 1,team_name p I just hatched an egg !
message 3,team_name d I just hatched an egg !
--------------------------
MESSAGE RECEIVED ---------
message 7,team_name f I just hatched an egg !
--------------------------
================================== [ bernard 1 ] [ lvl 2 - food 6 ]
leader: None - tt: 1 - fmin: 7 - fmax: 7
{'deraumere': 2, 'sibur': 2, 'mendiane': 1, 'phiras': 2, 'thystame': 1, 'player': 1}
I'm hungry >< !
1 nourriture ! going to pos: 1
==================================
==================================
MESSAGE RECEIVED ---------
message 8,team_name a I just hatched an egg !
message 4,team_name j I just hatched an egg !
--------------------------
MESSAGE RECEIVED ---------
message 7,team_name c I just hatched an egg !
message 5,team_name k I just hatched an egg !
message 5,team_name g I just hatched an egg !
message 1,team_name h I just hatched an egg !
--------------------------
MESSAGE RECEIVED ---------
message 5,team_name i I just hatched an egg !
--------------------------
I need to check my stuff !
================================== [ bernard 1 ] [ lvl 2 - food 6 ]
leader: None - tt: 2 - fmin: 7 - fmax: 7
{'linemate': 1, 'deraumere': 2, 'sibur': 1, 'mendiane': 2, 'player': 2}
I'm hungry >< !
no food nearby. looking around !
==================================
==================================
================================== [ bernard 1 ] [ lvl 2 - food 6 ]
leader: None - tt: 2 - fmin: 7 - fmax: 7
{'nourriture': 4, 'linemate': 1, 'deraumere': 1, 'sibur': 1, 'mendiane': 1, 'phiras': 2, 'thystame': 1, 'player': 1}
I'm hungry >< !
4 nourriture ! going to pos: 0
==================================
==================================
================================== [ bernard 1 ] [ lvl 2 - food 10 ]
leader: None - tt: 2 - fmin: 7 - fmax: 7
{'nourriture': 0, 'linemate': 1, 'deraumere': 1, 'sibur': 1, 'mendiane': 1, 'phiras': 2, 'thystame': 1, 'player': 1, 'visited': False}
==================================
==================================
================================== [ bernard 1 ] [ lvl 2 - food 10 ]
leader: None - tt: 2 - fmin: 11 - fmax: 11
{'nourriture': 0, 'linemate': 1, 'deraumere': 1, 'sibur': 1, 'mendiane': 1, 'phiras': 2, 'thystame': 1, 'player': 1, 'visited': False}
I'm hungry >< !
5 nourriture ! going to pos: 2
==================================
==================================
I need to check my stuff !
================================== [ bernard 1 ] [ lvl 2 - food 14 ]
leader: None - tt: 2 - fmin: 11 - fmax: 11
{'linemate': 2, 'deraumere': 1, 'sibur': 1, 'mendiane': 2, 'phiras': 3, 'thystame': 2, 'player': 1}
==================================
==================================
================================== [ bernard 1 ] [ lvl 2 - food 14 ]
leader: None - tt: 2 - fmin: 15 - fmax: 15
{'linemate': 2, 'deraumere': 1, 'sibur': 1, 'mendiane': 2, 'phiras': 3, 'thystame': 2, 'player': 1}
I'm hungry >< !
4 nourriture ! going to pos: 2
==================================
==================================
================================== [ bernard 1 ] [ lvl 2 - food 18 ]
leader: None - tt: 2 - fmin: 15 - fmax: 15
{'nourriture': 0, 'linemate': 1, 'deraumere': 1, 'sibur': 1, 'visited': False}
==================================
==================================
================================== [ bernard 1 ] [ lvl 2 - food 18 ]
leader: None - tt: 2 - fmin: 19 - fmax: 19
{'nourriture': 0, 'linemate': 1, 'deraumere': 1, 'sibur': 1, 'visited': False}
I'm hungry >< !
9 nourriture ! going to pos: 3
==================================
==================================
I need to check my stuff !
================================== [ bernard 1 ] [ lvl 2 - food 21 ]
leader: None - tt: 2 - fmin: 19 - fmax: 19
{'nourriture': 5, 'sibur': 1, 'phiras': 1, 'player': 1}
My team is not full I need to reproduce !
==================================
==================================
================================== [ bernard 1 ] [ lvl 2 - food 21 ]
leader: None - tt: 2 - fmin: 19 - fmax: 19
{'nourriture': 5, 'sibur': 1, 'phiras': 1, 'player': 1}
==================================
==================================
MESSAGE RECEIVED ---------
message 1,team_name o I just hatched an egg !
message 1,team_name p I just hatched an egg !
message 3,team_name b I just hatched an egg !
message 7,team_name e I just hatched an egg !
message 3,team_name a I just hatched an egg !
message 1,team_name j I just hatched an egg !
message 5,team_name e I just hatched an egg !
--------------------------
MESSAGE RECEIVED ---------
message 1,team_name p I just hatched an egg !
--------------------------
================================== [ bernard 1 ] [ lvl 2 - food 21 ]
leader: None - tt: 2 - fmin: 22 - fmax: 22
{'nourriture': 5, 'sibur': 1, 'phiras': 1, 'player': 1}
I'm hungry >< !
5 nourriture ! going to pos: 0
==================================
==================================
MESSAGE RECEIVED ---------
message 1,team_name m I just hatched an egg !
--------------------------
MESSAGE RECEIVED ---------
message 5,team_name n I just hatched an egg !
message 3,team_name d I just hatched an egg !
--------------------------
MESSAGE RECEIVED ---------
message 3,team_name d I just hatched an egg !
--------------------------
MESSAGE RECEIVED ---------
message 5,team_name a I just hatched an egg !
message 1,team_name f I just hatched an egg !
message 2,team_name l I just hatched an egg !
message 1,team_name i I just hatched an egg !
message 3,team_name k I just hatched an egg !
message 3,team_name b I just hatched an egg !
message 1,team_name l I just hatched an egg !
message 1,team_name j I just hatched an egg !
message 3,team_name k I just hatched an egg !
--------------------------
MESSAGE RECEIVED ---------
message 1,team_name c I just hatched an egg !
--------------------------
MESSAGE RECEIVED ---------
message 7,team_name m I just hatched an egg !
--------------------------BIENVENUE
1
20 15
I'm blind :'(
MESSAGE RECEIVED ---------
message 0,team_name n I just hatched an egg !
--------------------------
MESSAGE RECEIVED ---------
message 7,team_name f I just hatched an egg !
--------------------------
MESSAGE RECEIVED ---------
message 8,team_name a I just hatched an egg !
message 4,team_name j I just hatched an egg !
--------------------------
================================== [ bernard 2 ] [ lvl 1 - food 9 ]
leader: None - tt: 2 - fmin: 5 - fmax: 10
{'deraumere': 2, 'sibur': 2, 'mendiane': 1, 'phiras': 2, 'thystame': 1, 'player': 1}
I want to Eleve myself \o/ !
incantation is not possible yet !
Collecting...
found 1 linemate at 1
going for linemate at 1
looting 1 linemate
looting 1 nourriture
==================================
==================================
MESSAGE RECEIVED ---------
message 8,team_name c I just hatched an egg !
message 5,team_name k I just hatched an egg !
message 5,team_name g I just hatched an egg !
message 1,team_name h I just hatched an egg !
--------------------------
MESSAGE RECEIVED ---------
message 7,team_name i I just hatched an egg !
--------------------------
C.PREND nourriture : KO
================================== [ bernard 2 ] [ lvl 1 - food 9 ]
leader: None - tt: 2 - fmin: 5 - fmax: 10
{'nourriture': 0, 'linemate': 0, 'deraumere': 2, 'sibur': 1, 'mendiane': 2, 'visited': False}
I want to Eleve myself \o/ !
incantation is possible !
preparing the ritual...
placing 1 linemate
I'm Elevating \o/ !
==================================
==================================
elevation en cours
---------------------------------- LVL [ 2 ]
I need to check my stuff !
================================== [ bernard 2 ] [ lvl 2 - food 6 ]
leader: None - tt: 2 - fmin: 5 - fmax: 10
{'deraumere': 2, 'sibur': 1, 'mendiane': 2, 'player': 1}
My team is not full I need to reproduce !
==================================
==================================
================================== [ bernard 2 ] [ lvl 2 - food 6 ]
leader: None - tt: 2 - fmin: 5 - fmax: 10
{'deraumere': 2, 'sibur': 1, 'mendiane': 2, 'player': 1}
==================================
==================================
MESSAGE RECEIVED ---------
message 3,team_name o I just hatched an egg !
message 3,team_name p I just hatched an egg !
message 5,team_name b I just hatched an egg !
message 2,team_name e I just hatched an egg !
message 5,team_name a I just hatched an egg !
message 7,team_name j I just hatched an egg !
message 3,team_name e I just hatched an egg !
message 7,team_name p I just hatched an egg !
message 3,team_name n I just hatched an egg !
--------------------------
MESSAGE RECEIVED ---------
message 7,team_name m I just hatched an egg !
--------------------------
MESSAGE RECEIVED ---------
message 5,team_name d I just hatched an egg !
--------------------------
================================== [ bernard 2 ] [ lvl 2 - food 6 ]
leader: None - tt: 2 - fmin: 7 - fmax: 7
{'deraumere': 2, 'sibur': 1, 'mendiane': 2, 'player': 1}
I'm hungry >< !
2 nourriture ! going to pos: 1
==================================
==================================
MESSAGE RECEIVED ---------
message 3,team_name d I just hatched an egg !
--------------------------
MESSAGE RECEIVED ---------
message 7,team_name a I just hatched an egg !
message 5,team_name f I just hatched an egg !
message 3,team_name l I just hatched an egg !
message 5,team_name i I just hatched an egg !
message 5,team_name k I just hatched an egg !
message 5,team_name b I just hatched an egg !
message 5,team_name l I just hatched an egg !
message 3,team_name j I just hatched an egg !
message 5,team_name k I just hatched an egg !
--------------------------
MESSAGE RECEIVED ---------
message 7,team_name c I just hatched an egg !
--------------------------
MESSAGE RECEIVED ---------
message 3,team_name m I just hatched an egg !
--------------------------
MESSAGE RECEIVED ---------
message 3,team_name h I just hatched an egg !
message 7,team_name h I just hatched an egg !
--------------------------
MESSAGE RECEIVED ---------
message 6,team_name c I just hatched an egg !
message 5,team_name g I just hatched an egg !
--------------------------
MESSAGE RECEIVED ---------
message 5,team_name i I just hatched an egg !
message 5,team_name f I just hatched an egg !
--------------------------
I need to check my stuff !
================================== [ bernard 2 ] [ lvl 2 - food 7 ]
leader: None - tt: 4 - fmin: 7 - fmax: 7
{'deraumere': 4, 'sibur': 2, 'player': 3}
==================================
==================================
================================== [ bernard 2 ] [ lvl 2 - food 7 ]
leader: None - tt: 4 - fmin: 8 - fmax: 8
{'deraumere': 4, 'sibur': 2, 'player': 3}
I'm hungry >< !
no food nearby. looking around !
==================================
==================================
================================== [ bernard 2 ] [ lvl 2 - food 7 ]
leader: None - tt: 4 - fmin: 8 - fmax: 8
{'nourriture': 2, 'deraumere': 2, 'mendiane': 2, 'phiras': 3, 'thystame': 1, 'player': 1}
I'm hungry >< !
2 nourriture ! going to pos: 0
==================================
==================================
================================== [ bernard 2 ] [ lvl 2 - food 9 ]
leader: None - tt: 4 - fmin: 8 - fmax: 8
{'nourriture': 0, 'deraumere': 2, 'mendiane': 2, 'phiras': 3, 'thystame': 1, 'player': 1, 'visited': False}
==================================
==================================
================================== [ bernard 2 ] [ lvl 2 - food 9 ]
leader: None - tt: 4 - fmin: 10 - fmax: 10
{'nourriture': 0, 'deraumere': 2, 'mendiane': 2, 'phiras': 3, 'thystame': 1, 'player': 1, 'visited': False}
I'm hungry >< !
1 nourriture ! going to pos: 1
==================================
==================================
MESSAGE RECEIVED ---------
message 6,team_name g I just hatched an egg !
--------------------------
I need to check my stuff !
================================== [ bernard 2 ] [ lvl 2 - food 9 ]
leader: None - tt: 4 - fmin: 10 - fmax: 10
{'linemate': 1, 'deraumere': 1, 'sibur': 2, 'mendiane': 1, 'phiras': 3, 'thystame': 1, 'player': 1}
I'm hungry >< !
1 nourriture ! going to pos: 2
==================================
==================================
================================== [ bernard 2 ] [ lvl 2 - food 10 ]
leader: None - tt: 4 - fmin: 10 - fmax: 10
{'nourriture': 0, 'deraumere': 2, 'sibur': 1, 'mendiane': 2, 'phiras': 1, 'thystame': 1, 'visited': False}
==================================
==================================
================================== [ bernard 2 ] [ lvl 2 - food 10 ]
leader: None - tt: 4 - fmin: 11 - fmax: 11
{'nourriture': 0, 'deraumere': 2, 'sibur': 1, 'mendiane': 2, 'phiras': 1, 'thystame': 1, 'visited': False}
I'm hungry >< !
6 nourriture ! going to pos: 3
==================================
==================================
================================== [ bernard 2 ] [ lvl 2 - food 15 ]
leader: None - tt: 4 - fmin: 11 - fmax: 11
{'nourriture': 1, 'linemate': 1, 'deraumere': 2, 'sibur': 1, 'visited': False}
==================================
==================================
================================== [ bernard 2 ] [ lvl 2 - food 15 ]
leader: None - tt: 4 - fmin: 16 - fmax: 16
{'nourriture': 1, 'linemate': 1, 'deraumere': 2, 'sibur': 1, 'visited': False}
I'm hungry >< !
1 nourriture ! going to pos: 3
==================================
==================================
I need to check my stuff !
================================== [ bernard 2 ] [ lvl 2 - food 14 ]
leader: None - tt: 4 - fmin: 16 - fmax: 16
{'nourriture': 1, 'linemate': 1, 'deraumere': 2, 'sibur': 1, 'player': 1}
I'm hungry >< !
1 nourriture ! going to pos: 0
==================================
==================================
================================== [ bernard 2 ] [ lvl 2 - food 15 ]
leader: None - tt: 4 - fmin: 16 - fmax: 16
{'nourriture': 0, 'linemate': 1, 'deraumere': 2, 'sibur': 1, 'player': 1, 'visited': False}
I'm hungry >< !
3 nourriture ! going to pos: 2
==================================
==================================
MESSAGE RECEIVED ---------
message 7,team_name b I just hatched an egg !
--------------------------
C.PREND nourriture : KOBIENVENUE
1
20 15
I'm blind :'(
MESSAGE RECEIVED ---------
message 7,team_name m I just hatched an egg !
--------------------------
MESSAGE RECEIVED ---------
message 0,team_name n I just hatched an egg !
message 5,team_name d I just hatched an egg !
--------------------------
MESSAGE RECEIVED ---------
message 3,team_name d I just hatched an egg !
--------------------------
MESSAGE RECEIVED ---------
message 7,team_name a I just hatched an egg !
message 5,team_name f I just hatched an egg !
message 3,team_name l I just hatched an egg !
message 5,team_name i I just hatched an egg !
message 5,team_name k I just hatched an egg !
message 5,team_name b I just hatched an egg !
message 5,team_name l I just hatched an egg !
message 3,team_name j I just hatched an egg !
message 5,team_name k I just hatched an egg !
--------------------------
MESSAGE RECEIVED ---------
message 7,team_name c I just hatched an egg !
--------------------------
================================== [ bernard 4 ] [ lvl 1 - food 9 ]
leader: None - tt: 4 - fmin: 5 - fmax: 10
{'deraumere': 2, 'sibur': 1, 'mendiane': 2, 'player': 1}
I want to Eleve myself \o/ !
incantation is not possible yet !
Collecting...
found 1 linemate at 1
going for linemate at 1
looting 1 linemate
looting 2 nourriture
==================================
==================================
MESSAGE RECEIVED ---------
message 3,team_name m I just hatched an egg !
--------------------------
MESSAGE RECEIVED ---------
message 5,team_name h I just hatched an egg !
message 1,team_name h I just hatched an egg !
--------------------------
MESSAGE RECEIVED ---------
message 1,team_name c I just hatched an egg !
message 4,team_name g I just hatched an egg !
--------------------------
MESSAGE RECEIVED ---------
message 5,team_name i I just hatched an egg !
message 5,team_name f I just hatched an egg !
--------------------------
C.PREND nourriture : KO
C.PREND nourriture : KO
================================== [ bernard 4 ] [ lvl 1 - food 9 ]
leader: None - tt: 4 - fmin: 5 - fmax: 10
{'nourriture': 0, 'linemate': 0, 'deraumere': 4, 'sibur': 2, 'visited': False}
I want to Eleve myself \o/ !
incantation is possible !
preparing the ritual...
placing 1 linemate
I'm Elevating \o/ !
==================================
==================================
elevation en cours
MESSAGE RECEIVED ---------
message 5,team_name g I just hatched an egg !
--------------------------
---------------------------------- LVL [ 2 ]
I need to check my stuff !
MESSAGE RECEIVED ---------
message 5,team_name b I just hatched an egg !
--------------------------
================================== [ bernard 4 ] [ lvl 2 - food 6 ]
leader: None - tt: 4 - fmin: 5 - fmax: 10
{'deraumere': 4, 'sibur': 2, 'player': 1}
My team is not full I need to reproduce !
==================================
==================================
================================== [ bernard 4 ] [ lvl 2 - food 6 ]
leader: None - tt: 4 - fmin: 5 - fmax: 10
{'deraumere': 4, 'sibur': 2, 'player': 1}
==================================
==================================
BIENVENUE
2
20 15
I'm blind :'(
MESSAGE RECEIVED ---------
message 1,team_name p I just hatched an egg !
message 0,team_name n I just hatched an egg !
--------------------------
MESSAGE RECEIVED ---------
message 1,team_name m I just hatched an egg !
--------------------------
MESSAGE RECEIVED ---------
message 5,team_name n I just hatched an egg !
message 3,team_name d I just hatched an egg !
--------------------------
MESSAGE RECEIVED ---------
message 3,team_name d I just hatched an egg !
--------------------------
================================== [ bernard 4 ] [ lvl 1 - food 9 ]
leader: None - tt: 4 - fmin: 5 - fmax: 10
{'nourriture': 5, 'sibur': 1, 'phiras': 1, 'player': 1}
I want to Eleve myself \o/ !
incantation is not possible yet !
Collecting...
found 2 linemate at 1
going for linemate at 1
looting 2 linemate
looting 2 nourriture
==================================
==================================
MESSAGE RECEIVED ---------
message 5,team_name a I just hatched an egg !
message 1,team_name f I just hatched an egg !
message 2,team_name l I just hatched an egg !
message 1,team_name i I just hatched an egg !
message 3,team_name k I just hatched an egg !
message 3,team_name b I just hatched an egg !
message 1,team_name l I just hatched an egg !
message 1,team_name j I just hatched an egg !
message 3,team_name k I just hatched an egg !
message 1,team_name c I just hatched an egg !
--------------------------
MESSAGE RECEIVED ---------
message 7,team_name m I just hatched an egg !
--------------------------
MESSAGE RECEIVED ---------
message 3,team_name h I just hatched an egg !
message 3,team_name h I just hatched an egg !
--------------------------
MESSAGE RECEIVED ---------
message 3,team_name c I just hatched an egg !
message 3,team_name g I just hatched an egg !
--------------------------
MESSAGE RECEIVED ---------
message 7,team_name i I just hatched an egg !
message 7,team_name f I just hatched an egg !
--------------------------
================================== [ bernard 4 ] [ lvl 1 - food 11 ]
leader: None - tt: 4 - fmin: 5 - fmax: 10
{'nourriture': 0, 'linemate': 0, 'mendiane': 1, 'phiras': 5, 'thystame': 1, 'player': 1, 'visited': False}
I want to Eleve myself \o/ !
incantation is possible !
preparing the ritual...
placing 1 linemate
I'm Elevating \o/ !
==================================
==================================
elevation en cours
MESSAGE RECEIVED ---------
message 5,team_name g I just hatched an egg !
--------------------------
MESSAGE RECEIVED ---------
message 3,team_name b I just hatched an egg !
--------------------------
---------------------------------- LVL [ 2 ]
I need to check my stuff !
================================== [ bernard 4 ] [ lvl 2 - food 8 ]
leader: None - tt: 4 - fmin: 5 - fmax: 10
{'mendiane': 1, 'phiras': 5, 'thystame': 1, 'player': 2}
My team is not full I need to reproduce !
==================================
==================================
================================== [ bernard 4 ] [ lvl 2 - food 8 ]
leader: None - tt: 4 - fmin: 5 - fmax: 10
{'mendiane': 1, 'phiras': 5, 'thystame': 1, 'player': 2}
==================================
==================================

C.PREND nourriture : KO
Someone is around !
================================== [ bernard 2 ] [ lvl 2 - food 16 ]
leader: None - tt: 4 - fmin: 16 - fmax: 16
{'sibur': 1, 'phiras': 2, 'thystame': 3, 'player': 2}
My team is not full I need to reproduce !
==================================
==================================
================================== [ bernard 2 ] [ lvl 2 - food 16 ]
leader: None - tt: 4 - fmin: 16 - fmax: 16
{'sibur': 1, 'phiras': 2, 'thystame': 3, 'player': 2}
==================================
==================================

MESSAGE RECEIVED ---------
message 5,team_name h I just hatched an egg !
message 5,team_name h I just hatched an egg !
--------------------------
MESSAGE RECEIVED ---------
message 5,team_name c I just hatched an egg !
message 5,team_name g I just hatched an egg !
--------------------------
MESSAGE RECEIVED ---------
message 1,team_name i I just hatched an egg !
message 1,team_name f I just hatched an egg !
--------------------------
I need to check my stuff !
================================== [ bernard 1 ] [ lvl 2 - food 25 ]
leader: None - tt: 4 - fmin: 22 - fmax: 22
{'sibur': 1, 'phiras': 1}
==================================
==================================
================================== [ bernard 1 ] [ lvl 2 - food 25 ]
leader: None - tt: 4 - fmin: 26 - fmax: 26
{'sibur': 1, 'phiras': 1}
I'm hungry >< !
3 nourriture ! going to pos: 2
==================================
==================================
================================== [ bernard 1 ] [ lvl 2 - food 28 ]
leader: None - tt: 4 - fmin: 26 - fmax: 26
{'nourriture': 0, 'linemate': 1, 'phiras': 1, 'visited': False}
==================================
==================================
================================== [ bernard 1 ] [ lvl 2 - food 28 ]
leader: None - tt: 4 - fmin: 29 - fmax: 29
{'nourriture': 0, 'linemate': 1, 'phiras': 1, 'visited': False}
I'm hungry >< !
2 nourriture ! going to pos: 3
==================================
==================================
================================== [ bernard 1 ] [ lvl 2 - food 30 ]
leader: None - tt: 4 - fmin: 29 - fmax: 29
{'nourriture': 0, 'linemate': 1, 'deraumere': 2, 'sibur': 3, 'thystame': 1, 'visited': False}
==================================
==================================
================================== [ bernard 1 ] [ lvl 2 - food 30 ]
leader: None - tt: 4 - fmin: 31 - fmax: 31
{'nourriture': 0, 'linemate': 1, 'deraumere': 2, 'sibur': 3, 'thystame': 1, 'visited': False}
I'm hungry >< !
1 nourriture ! going to pos: 4
==================================
==================================
MESSAGE RECEIVED ---------
message 3,team_name g I just hatched an egg !
--------------------------
C.PREND nourriture : KO
Someone is around !
I need to check my stuff !
================================== [ bernard 1 ] [ lvl 2 - food 28 ]
leader: None - tt: 4 - fmin: 31 - fmax: 31
{'deraumere': 5, 'sibur': 4, 'mendiane': 1, 'phiras': 3, 'player': 2}
I'm hungry >< !
no food nearby. looking around !
==================================
==================================
================================== [ bernard 1 ] [ lvl 2 - food 28 ]
leader: None - tt: 4 - fmin: 31 - fmax: 31
{'nourriture': 4, 'deraumere': 1, 'mendiane': 1, 'phiras': 1, 'player': 2}
I'm hungry >< !
no food nearby. looking around !
==================================
==================================
================================== [ bernard 1 ] [ lvl 2 - food 28 ]
leader: None - tt: 4 - fmin: 31 - fmax: 31
{'nourriture': 2, 'sibur': 4, 'mendiane': 1, 'thystame': 1, 'player': 1}
I'm hungry >< !
2 nourriture ! going to pos: 0
==================================
==================================
I need to check my stuff !
MESSAGE RECEIVED ---------
message 5,team_name b I just hatched an egg !
--------------------------
================================== [ bernard 1 ] [ lvl 2 - food 29 ]
leader: None - tt: 4 - fmin: 31 - fmax: 31
{'sibur': 4, 'mendiane': 1, 'thystame': 1, 'player': 1}
I'm hungry >< !
1 nourriture ! going to pos: 1
==================================
==================================
MESSAGE RECEIVED ---------
message 1,team_name j I just hatched an egg !
message 3,team_name o I just hatched an egg !
message 1,team_name p I just hatched an egg !
--------------------------
MESSAGE RECEIVED ---------
message 3,team_name p I just hatched an egg !
--------------------------
================================== [ bernard 1 ] [ lvl 2 - food 30 ]
leader: None - tt: 4 - fmin: 31 - fmax: 31
{'nourriture': 0, 'linemate': 2, 'visited': False}
I'm hungry >< !
6 nourriture ! going to pos: 2
==================================
==================================
MESSAGE RECEIVED ---------
message 1,team_name d I just hatched an egg !
--------------------------
MESSAGE RECEIVED ---------
message 3,team_name f I just hatched an egg !
--------------------------
MESSAGE RECEIVED ---------
message 7,team_name e I just hatched an egg !
message 3,team_name l I just hatched an egg !
--------------------------
MESSAGE RECEIVED ---------
message 3,team_name e I just hatched an egg !
--------------------------
